INFO	2024-01-11 14:52:37,491	loading adjacency set from exp/COUNT/SPP-DCJ-reconstruction/adjacencies.txt
INFO	2024-01-11 14:52:37,525	building adjacency graph for node2
INFO	2024-01-11 14:52:37,533	writing contig components to exp/COUNT/SPP-DCJ-reconstruction/adj2comp_stats/contig-components.node2.tsv
INFO	2024-01-11 14:52:40,202	plotting summary statistic to exp/COUNT/SPP-DCJ-reconstruction/adj2comp_stats/contig-components.node2.pdf
INFO	2024-01-11 14:52:42,545	building adjacency graph for node1
INFO	2024-01-11 14:52:42,554	writing contig components to exp/COUNT/SPP-DCJ-reconstruction/adj2comp_stats/contig-components.node1.tsv
INFO	2024-01-11 14:52:42,557	plotting summary statistic to exp/COUNT/SPP-DCJ-reconstruction/adj2comp_stats/contig-components.node1.pdf
INFO	2024-01-11 14:52:42,629	building adjacency graph for node0
INFO	2024-01-11 14:52:42,637	writing contig components to exp/COUNT/SPP-DCJ-reconstruction/adj2comp_stats/contig-components.node0.tsv
INFO	2024-01-11 14:52:42,641	plotting summary statistic to exp/COUNT/SPP-DCJ-reconstruction/adj2comp_stats/contig-components.node0.pdf
INFO	2024-01-11 14:52:42,714	building adjacency graph for AnophelesgambiaePEST
INFO	2024-01-11 14:52:42,720	writing contig components to exp/COUNT/SPP-DCJ-reconstruction/adj2comp_stats/contig-components.AnophelesgambiaePEST.tsv
INFO	2024-01-11 14:52:42,723	plotting summary statistic to exp/COUNT/SPP-DCJ-reconstruction/adj2comp_stats/contig-components.AnophelesgambiaePEST.pdf
INFO	2024-01-11 14:52:42,796	building adjacency graph for AnophelesfunestusFUMOZ
INFO	2024-01-11 14:52:42,803	writing contig components to exp/COUNT/SPP-DCJ-reconstruction/adj2comp_stats/contig-components.AnophelesfunestusFUMOZ.tsv
INFO	2024-01-11 14:52:42,805	plotting summary statistic to exp/COUNT/SPP-DCJ-reconstruction/adj2comp_stats/contig-components.AnophelesfunestusFUMOZ.pdf
INFO	2024-01-11 14:52:42,879	building adjacency graph for AnophelesatroparvusEBRO
INFO	2024-01-11 14:52:42,886	writing contig components to exp/COUNT/SPP-DCJ-reconstruction/adj2comp_stats/contig-components.AnophelesatroparvusEBRO.tsv
INFO	2024-01-11 14:52:42,888	plotting summary statistic to exp/COUNT/SPP-DCJ-reconstruction/adj2comp_stats/contig-components.AnophelesatroparvusEBRO.pdf
INFO	2024-01-11 14:52:42,962	building adjacency graph for AnophelesalbimanusSTECLA
INFO	2024-01-11 14:52:42,969	writing contig components to exp/COUNT/SPP-DCJ-reconstruction/adj2comp_stats/contig-components.AnophelesalbimanusSTECLA.tsv
INFO	2024-01-11 14:52:42,972	plotting summary statistic to exp/COUNT/SPP-DCJ-reconstruction/adj2comp_stats/contig-components.AnophelesalbimanusSTECLA.pdf
