INFO	2024-01-11 14:53:57,239	loading adjacency set from exp/COUNT/SPP-DCJ-reconstruction/adjacencies.txt
INFO	2024-01-11 14:53:57,248	building adjacency graph for node2
INFO	2024-01-11 14:53:57,255	writing adjacency components to exp/COUNT/SPP-DCJ-reconstruction/adj2comp_stats/adj-components.node2.tsv
INFO	2024-01-11 14:53:57,848	plotting summary statistic to exp/COUNT/SPP-DCJ-reconstruction/adj2comp_stats/adj-components.node2.pdf
INFO	2024-01-11 14:53:58,245	building adjacency graph for node1
INFO	2024-01-11 14:53:58,254	writing adjacency components to exp/COUNT/SPP-DCJ-reconstruction/adj2comp_stats/adj-components.node1.tsv
INFO	2024-01-11 14:53:58,257	plotting summary statistic to exp/COUNT/SPP-DCJ-reconstruction/adj2comp_stats/adj-components.node1.pdf
INFO	2024-01-11 14:53:58,356	building adjacency graph for node0
INFO	2024-01-11 14:53:58,364	writing adjacency components to exp/COUNT/SPP-DCJ-reconstruction/adj2comp_stats/adj-components.node0.tsv
INFO	2024-01-11 14:53:58,366	plotting summary statistic to exp/COUNT/SPP-DCJ-reconstruction/adj2comp_stats/adj-components.node0.pdf
INFO	2024-01-11 14:53:58,456	building adjacency graph for AnophelesgambiaePEST
INFO	2024-01-11 14:53:58,462	writing adjacency components to exp/COUNT/SPP-DCJ-reconstruction/adj2comp_stats/adj-components.AnophelesgambiaePEST.tsv
INFO	2024-01-11 14:53:58,467	plotting summary statistic to exp/COUNT/SPP-DCJ-reconstruction/adj2comp_stats/adj-components.AnophelesgambiaePEST.pdf
INFO	2024-01-11 14:53:58,548	building adjacency graph for AnophelesfunestusFUMOZ
INFO	2024-01-11 14:53:58,554	writing adjacency components to exp/COUNT/SPP-DCJ-reconstruction/adj2comp_stats/adj-components.AnophelesfunestusFUMOZ.tsv
INFO	2024-01-11 14:53:58,557	plotting summary statistic to exp/COUNT/SPP-DCJ-reconstruction/adj2comp_stats/adj-components.AnophelesfunestusFUMOZ.pdf
INFO	2024-01-11 14:53:58,637	building adjacency graph for AnophelesatroparvusEBRO
INFO	2024-01-11 14:53:58,643	writing adjacency components to exp/COUNT/SPP-DCJ-reconstruction/adj2comp_stats/adj-components.AnophelesatroparvusEBRO.tsv
INFO	2024-01-11 14:53:58,646	plotting summary statistic to exp/COUNT/SPP-DCJ-reconstruction/adj2comp_stats/adj-components.AnophelesatroparvusEBRO.pdf
INFO	2024-01-11 14:53:58,728	building adjacency graph for AnophelesalbimanusSTECLA
INFO	2024-01-11 14:53:58,735	writing adjacency components to exp/COUNT/SPP-DCJ-reconstruction/adj2comp_stats/adj-components.AnophelesalbimanusSTECLA.tsv
INFO	2024-01-11 14:53:58,737	plotting summary statistic to exp/COUNT/SPP-DCJ-reconstruction/adj2comp_stats/adj-components.AnophelesalbimanusSTECLA.pdf
