#| ca.umontreal.iro.evolution.genecontent.ML Sun Jul 23 09:07:41 PDT 2023
#| System: Linux 3.10.0-1160.90.1.el7.x86_64 amd64
#| Java: OpenJDK 64-Bit Server VM 25.372-b07 (1.8.0_372-b07) mixed mode, Red Hat, Inc.
#| Current directory: /project/6069942/AGO-pipeline/exp/COUNT
#| Arguments: Anopheles/species_tree_4.newick Anopheles/input_count_X_2.csv
#| Max. paralogs 2147483647, min. lineages 1
#| Uniform rates: duplication - yes, transfer - yes, length - no
#| 0-rate transfer category: no, 0-rate duplication category: no
#| Maximum number of rounds in the optimization: 100
#| Optimization convergence delta: 0.001
# final likelihood 1153.2820548109682	(p0=0.9286278303327926)
# (((AnophelesgambiaePEST:0.029, AnophelesfunestusFUMOZ:0.031) node0:0.033, AnophelesatroparvusEBRO:0.13) node1:0.0, AnophelesalbimanusSTECLA:0.154) node2;
# length (t)	duplication (lambda)	loss (mu)	transfer (kappa)	// node_info
0.02943252132925171	0.40451294966246204	1.0	1.0107499164238359E-5	// NWR[$0_AnophelesgambiaePEST len 0.02943252132925171 prnt $4_node0 chld []; dup 0.40451294966246204, loss 1.0, transfer 1.0107499164238359E-5, g[]={0.028835771461509244,0.9598361387805027,0.011195953901050467,1.3059456577005623E-4}, h[]={0.9999997068293269,2.914574505008682E-7,1.6998868784641613E-9,1.3218987514124152E-11}]
0.03070477572184419	0.40451294966246204	1.0	1.0107499164238359E-5	// NWR[$1_AnophelesfunestusFUMOZ len 0.03070477572184419 prnt $4_node0 chld []; dup 0.40451294966246204, loss 1.0, transfer 1.0107499164238359E-5, g[]={0.03005585517066582,0.9581515807647065,0.011649190275570114,1.4163065302061229E-4}, h[]={0.9999996943486755,3.0378943816461124E-7,1.8467795001734016E-9,1.4968929066772575E-11}]
0.0330572579787672	0.40451294966246204	1.0	1.0107499164238359E-5	// NWR[$4_node0 len 0.0330572579787672 prnt $5_node1 chld [$0_AnophelesgambiaePEST, $1_AnophelesfunestusFUMOZ]; dup 0.40451294966246204, loss 1.0, transfer 1.0107499164238359E-5, g[]={0.03230623602750555,0.9550476604324811,0.01248084058111161,1.631032544915961E-4}, h[]={0.9999996713123989,3.265351463199433E-7,2.1336814414510934E-9,1.8589278648164986E-11}]
0.13034300341926924	0.40451294966246204	1.0	1.0107499164238359E-5	// NWR[$2_AnophelesatroparvusEBRO len 0.13034300341926924 prnt $5_node1 chld []; dup 0.40451294966246204, loss 1.0, transfer 1.0107499164238359E-5, g[]={0.11935776710339452,0.838123273816678,0.0404660687985994,0.0019537731204576354}, h[]={0.9999987634957253,1.2064070395148413E-6,2.912445675143108E-8,9.37465113300115E-10}]
1.011754872596549E-5	0.40451294966246204	1.0	1.0107499164238359E-5	// NWR[$5_node1 len 1.011754872596549E-5 prnt $6_node2 chld [$4_node0, $2_AnophelesatroparvusEBRO]; dup 0.40451294966246204, loss 1.0, transfer 1.0107499164238359E-5, g[]={1.0117476840167171E-5,0.9999857899141673,4.092592242844205E-6,1.6749549278721466E-11}, h[]={0.9999999998977374,1.022623886958373E-10,2.0926733178616766E-16,5.709791527863286E-22}]
0.15412084277402077	0.40451294966246204	1.0	1.0107499164238359E-5	// NWR[$3_AnophelesalbimanusSTECLA len 0.15412084277402077 prnt $6_node2 chld []; dup 0.40451294966246204, loss 1.0, transfer 1.0107499164238359E-5, g[]={0.13898105560569846,0.8126127721053583,0.045684794866388094,0.002568382572398652}, h[]={0.9999985542175274,1.40474887241676E-6,3.948822232743018E-8,1.4800275004798482E-9}]
|variation	duplication	1	1.0	0.0
|variation	loss	1	1.0	0.0
|variation	transfer	1	1.0	0.0
|variation	length	1	1.0
|root	Poisson	0.07408444752771016

