#| Count 10.04::ca.umontreal.iro.evolution.malin.ui.count.DolloDisplay
# Family	AnophelesgambiaePEST	AnophelesfunestusFUMOZ	AnophelesatroparvusEBRO	AnophelesalbimanusSTECLA	1	2	3
OG6100154	1	1	1	1	1	1	1
OG6100189	1	1	1	1	1	1	1
OG6100220	2	2	2	2	1	1	1
OG6100262	1	1	1	1	1	1	1
OG6100338	1	1	1	1	1	1	1
OG6100391	1	1	1	1	1	1	1
OG6100435	1	1	1	2	1	1	1
OG6100445	3	3	2	1	1	1	1
OG6100515	1	1	1	1	1	1	1
OG6100524	1	1	1	1	1	1	1
OG6100528	1	1	1	0	1	1	0
OG6100592	1	1	1	1	1	1	1
OG6100598	1	1	1	1	1	1	1
OG6100626	1	1	1	0	1	1	0
OG6100651	1	1	1	1	1	1	1
OG6100653	1	1	3	1	1	1	1
OG6100674	1	1	1	1	1	1	1
OG6100679	1	1	1	1	1	1	1
OG6100731	1	1	1	0	1	1	0
OG6100782	1	1	1	1	1	1	1
OG6100878	1	1	1	1	1	1	1
OG6100894	2	2	2	1	1	1	1
OG6100896	2	2	2	2	1	1	1
OG6100923	1	1	2	2	1	1	1
OG6100957	1	1	0	1	1	1	1
OG6100986	1	1	1	1	1	1	1
OG6100998	1	1	1	1	1	1	1
OG6101039	1	1	1	0	1	1	0
OG6101045	1	1	1	1	1	1	1
OG6101047	1	1	1	1	1	1	1
OG6101143	1	1	1	1	1	1	1
OG6101156	1	1	1	1	1	1	1
OG6101169	1	1	2	1	1	1	1
OG6101193	1	1	1	1	1	1	1
OG6101257	1	1	0	1	1	1	1
OG6101347	1	1	3	2	1	1	1
OG6101413	1	1	1	1	1	1	1
OG6101414	1	1	2	1	1	1	1
OG6101423	1	1	1	1	1	1	1
OG6101431	1	1	1	1	1	1	1
OG6101432	1	1	1	1	1	1	1
OG6101456	0	1	1	1	1	1	1
OG6101497	1	1	1	1	1	1	1
OG6101502	1	1	1	1	1	1	1
OG6101571	1	1	1	1	1	1	1
OG6101596	1	1	1	1	1	1	1
OG6101603	1	1	1	1	1	1	1
OG6101604	1	1	1	1	1	1	1
OG6101650	1	1	1	1	1	1	1
OG6101672	1	1	1	1	1	1	1
OG6101673	1	0	1	1	1	1	1
OG6101684	1	1	1	1	1	1	1
OG6101731	2	2	2	2	1	1	1
OG6101766	1	1	0	1	1	1	1
OG6101891	1	1	1	1	1	1	1
OG6101919	1	1	1	1	1	1	1
OG6101938	1	1	1	1	1	1	1
OG6101944	1	1	1	1	1	1	1
OG6102019	1	1	1	1	1	1	1
OG6102059	1	1	1	1	1	1	1
OG6102133	1	1	1	1	1	1	1
OG6102134	1	1	1	1	1	1	1
OG6102235	1	1	1	1	1	1	1
OG6102242	1	1	1	1	1	1	1
OG6102303	1	1	1	1	1	1	1
OG6102317	1	1	1	1	1	1	1
OG6102356	1	1	0	0	1	0	0
OG6102384	1	1	1	1	1	1	1
OG6102385	1	1	1	1	1	1	1
OG6102422	1	1	1	0	1	1	0
OG6102427	1	1	2	2	1	1	1
OG6102503	1	1	1	1	1	1	1
OG6102557	0	1	1	1	1	1	1
OG6102617	1	1	1	1	1	1	1
OG6102621	1	1	1	1	1	1	1
OG6102624	1	1	1	1	1	1	1
OG6102627	2	2	2	2	1	1	1
OG6102655	1	1	1	2	1	1	1
OG6102656	1	1	1	1	1	1	1
OG6102674	1	1	1	1	1	1	1
OG6102757	1	1	1	1	1	1	1
OG6102794	1	1	0	1	1	1	1
OG6102830	1	1	1	0	1	1	0
OG6102836	1	1	1	1	1	1	1
OG6102852	1	1	1	1	1	1	1
OG6102882	1	1	1	1	1	1	1
OG6102890	1	1	1	1	1	1	1
OG6102942	1	1	0	1	1	1	1
OG6102957	1	1	1	1	1	1	1
OG6102986	1	1	1	1	1	1	1
OG6102999	1	1	1	1	1	1	1
OG6103034	1	1	1	1	1	1	1
OG6103099	1	1	1	1	1	1	1
OG6103101	1	1	1	0	1	1	0
OG6103116	1	1	1	1	1	1	1
OG6103166	1	1	1	0	1	1	0
OG6103218	1	1	1	1	1	1	1
OG6103257	1	1	1	1	1	1	1
OG6103261	1	1	1	1	1	1	1
OG6103264	1	1	1	1	1	1	1
OG6103326	1	1	1	1	1	1	1
OG6103358	2	2	2	1	1	1	1
OG6103377	1	2	1	0	1	1	0
OG6103381	1	1	1	0	1	1	0
OG6103473	1	1	1	1	1	1	1
OG6103480	1	1	1	1	1	1	1
OG6103504	1	1	1	1	1	1	1
OG6103519	1	1	1	1	1	1	1
OG6103598	2	2	0	1	1	1	1
OG6103618	1	1	1	1	1	1	1
OG6103652	1	1	1	0	1	1	0
OG6103663	1	1	1	1	1	1	1
OG6103747	1	1	1	1	1	1	1
OG6103788	1	1	1	1	1	1	1
OG6103806	1	1	0	1	1	1	1
OG6103812	1	1	1	1	1	1	1
OG6103877	1	1	1	1	1	1	1
OG6103915	1	1	1	1	1	1	1
OG6103955	1	1	1	1	1	1	1
OG6103965	1	1	1	1	1	1	1
OG6103982	1	1	1	1	1	1	1
OG6103986	1	1	2	2	1	1	1
OG6103992	1	1	1	1	1	1	1
OG6103997	1	1	1	1	1	1	1
OG6103999	1	1	1	1	1	1	1
OG6104013	1	1	1	1	1	1	1
OG6104017	1	1	1	1	1	1	1
OG6104021	1	1	1	1	1	1	1
OG6104023	1	1	1	1	1	1	1
OG6104030	1	1	1	1	1	1	1
OG6104033	1	1	1	1	1	1	1
OG6104063	1	1	1	1	1	1	1
OG6104071	1	1	1	1	1	1	1
OG6104079	1	1	1	1	1	1	1
OG6104093	1	1	1	1	1	1	1
OG6104098	1	1	1	1	1	1	1
OG6104100	1	1	1	1	1	1	1
OG6104136	1	1	0	1	1	1	1
OG6104137	1	1	1	1	1	1	1
OG6104147	1	1	1	1	1	1	1
OG6104177	1	1	1	1	1	1	1
OG6104182	1	1	1	1	1	1	1
OG6104188	1	1	1	1	1	1	1
OG6104189	1	1	1	1	1	1	1
OG6104190	1	1	0	1	1	1	1
OG6104212	1	1	1	1	1	1	1
OG6104215	1	1	1	1	1	1	1
OG6104216	1	1	1	1	1	1	1
OG6104247	2	2	2	1	1	1	1
OG6104250	1	1	1	1	1	1	1
OG6104306	1	1	1	1	1	1	1
OG6104310	1	1	0	1	1	1	1
OG6104329	1	1	1	1	1	1	1
OG6104359	1	1	1	1	1	1	1
OG6104373	1	1	1	1	1	1	1
OG6104399	1	1	1	1	1	1	1
OG6104403	1	1	1	1	1	1	1
OG6104432	1	1	1	0	1	1	0
OG6104434	1	1	1	1	1	1	1
OG6104448	1	1	1	1	1	1	1
OG6104460	1	1	1	1	1	1	1
OG6104478	1	1	1	1	1	1	1
OG6104480	1	1	1	1	1	1	1
OG6104507	1	1	1	1	1	1	1
OG6104525	1	1	1	1	1	1	1
OG6104527	1	1	1	1	1	1	1
OG6104535	1	1	1	1	1	1	1
OG6104541	1	1	1	1	1	1	1
OG6104562	1	1	1	1	1	1	1
OG6104609	2	2	5	4	1	1	1
OG6104643	1	1	1	1	1	1	1
OG6104715	1	1	1	1	1	1	1
OG6104725	1	1	1	2	1	1	1
OG6104772	1	1	1	1	1	1	1
OG6104788	1	1	1	1	1	1	1
OG6104802	1	1	1	1	1	1	1
OG6104820	1	1	0	0	1	0	0
OG6104823	1	1	0	1	1	1	1
OG6104879	1	1	1	1	1	1	1
OG6104887	1	1	1	1	1	1	1
OG6104898	1	1	1	1	1	1	1
OG6104979	1	1	1	1	1	1	1
OG6105040	1	1	2	1	1	1	1
OG6105044	1	1	1	1	1	1	1
OG6105053	1	1	1	1	1	1	1
OG6105064	1	1	1	1	1	1	1
OG6105083	1	1	1	1	1	1	1
OG6105117	1	1	1	1	1	1	1
OG6105165	1	1	1	1	1	1	1
OG6105169	1	1	1	0	1	1	0
OG6105199	1	1	1	1	1	1	1
OG6105219	1	1	1	1	1	1	1
OG6105234	1	1	1	1	1	1	1
OG6105304	1	1	1	0	1	1	0
OG6105319	1	1	1	1	1	1	1
OG6105324	1	1	1	2	1	1	1
OG6105334	1	1	1	1	1	1	1
OG6105349	1	1	1	1	1	1	1
OG6105354	1	4	1	0	1	1	0
OG6105362	1	1	1	1	1	1	1
OG6105363	1	1	1	1	1	1	1
OG6105368	1	1	2	1	1	1	1
OG6105380	1	1	0	1	1	1	1
OG6105414	1	1	1	1	1	1	1
OG6105431	1	1	1	1	1	1	1
OG6105449	1	1	2	1	1	1	1
OG6105450	1	1	1	1	1	1	1
OG6105507	1	1	1	0	1	1	0
OG6105514	1	1	1	1	1	1	1
OG6105527	0	1	1	1	1	1	1
OG6105533	1	1	1	1	1	1	1
OG6105542	1	1	0	0	1	0	0
OG6105557	1	1	1	1	1	1	1
OG6105564	1	1	0	1	1	1	1
OG6105629	1	1	1	1	1	1	1
OG6105648	1	1	0	1	1	1	1
OG6105713	2	2	2	2	1	1	1
OG6105715	1	1	1	1	1	1	1
OG6105739	1	1	1	1	1	1	1
OG6105759	0	1	1	1	1	1	1
OG6105774	1	1	1	1	1	1	1
OG6105865	1	2	2	1	1	1	1
OG6105874	1	1	1	1	1	1	1
OG6105880	1	1	0	0	1	0	0
OG6105891	1	1	1	1	1	1	1
OG6105968	1	1	1	1	1	1	1
OG6105971	1	1	1	0	1	1	0
OG6105997	1	1	1	1	1	1	1
OG6106107	1	1	1	1	1	1	1
OG6106124	1	1	1	1	1	1	1
OG6106132	1	1	1	1	1	1	1
OG6106235	1	1	1	1	1	1	1
OG6106237	1	1	1	0	1	1	0
OG6106240	1	1	0	1	1	1	1
OG6106249	1	1	1	1	1	1	1
OG6106318	1	1	1	1	1	1	1
OG6106364	1	1	1	1	1	1	1
OG6106420	1	1	1	1	1	1	1
OG6106435	1	1	1	1	1	1	1
OG6106460	1	1	1	1	1	1	1
OG6106472	1	1	1	1	1	1	1
OG6106474	1	1	1	1	1	1	1
OG6106476	1	1	1	2	1	1	1
OG6106541	1	1	1	1	1	1	1
OG6106561	2	2	2	2	1	1	1
OG6106571	1	1	1	1	1	1	1
OG6106576	1	1	0	0	1	0	0
OG6106586	1	1	1	1	1	1	1
OG6106611	1	1	1	1	1	1	1
OG6106616	1	1	1	1	1	1	1
OG6106710	1	1	1	1	1	1	1
OG6106742	1	1	1	1	1	1	1
OG6106875	1	1	1	0	1	1	0
OG6106904	1	1	1	1	1	1	1
OG6106917	1	0	1	1	1	1	1
OG6106940	1	2	1	2	1	1	1
OG6107023	1	1	1	1	1	1	1
OG6107032	1	1	1	1	1	1	1
OG6107046	1	1	1	1	1	1	1
OG6107078	1	1	1	1	1	1	1
OG6107098	1	1	1	1	1	1	1
OG6107190	1	1	1	0	1	1	0
OG6107244	1	1	1	1	1	1	1
OG6107366	1	1	1	1	1	1	1
OG6107391	1	1	1	1	1	1	1
OG6107399	1	1	0	1	1	1	1
OG6107413	1	1	0	1	1	1	1
OG6107420	1	1	1	1	1	1	1
OG6107516	1	1	1	1	1	1	1
OG6107540	1	1	3	3	1	1	1
OG6107564	1	1	1	0	1	1	0
OG6107572	1	1	1	1	1	1	1
OG6107716	1	1	1	1	1	1	1
OG6107727	1	1	1	2	1	1	1
OG6107739	1	1	1	1	1	1	1
OG6107740	1	1	1	1	1	1	1
OG6107742	1	1	1	0	1	1	0
OG6107758	1	1	1	1	1	1	1
OG6107764	0	0	1	1	0	1	1
OG6107806	1	1	1	1	1	1	1
OG6107907	1	1	1	1	1	1	1
OG6107914	1	1	1	1	1	1	1
OG6107917	1	1	1	1	1	1	1
OG6107930	1	1	0	1	1	1	1
OG6107931	1	1	1	1	1	1	1
OG6107942	1	0	0	1	1	1	1
OG6107955	1	1	1	0	1	1	0
OG6107969	1	1	1	1	1	1	1
OG6107975	1	1	1	1	1	1	1
OG6107978	1	1	1	1	1	1	1
OG6108096	1	1	1	1	1	1	1
OG6108101	1	1	2	1	1	1	1
OG6108102	1	1	1	1	1	1	1
OG6108140	1	1	1	0	1	1	0
OG6108144	1	1	1	1	1	1	1
OG6108171	1	1	1	0	1	1	0
OG6108295	1	1	1	1	1	1	1
OG6108363	1	1	1	1	1	1	1
OG6108499	1	1	1	1	1	1	1
OG6108569	1	1	1	1	1	1	1
OG6108574	1	1	1	1	1	1	1
OG6108585	1	1	1	1	1	1	1
OG6108587	1	1	1	1	1	1	1
OG6108589	1	1	1	1	1	1	1
OG6108692	1	1	1	1	1	1	1
OG6108764	1	1	1	1	1	1	1
OG6108781	1	1	1	1	1	1	1
OG6108971	1	1	1	1	1	1	1
OG6109017	1	1	1	1	1	1	1
OG6109176	0	1	1	1	1	1	1
OG6109177	1	2	2	1	1	1	1
OG6109207	1	1	1	1	1	1	1
OG6109213	1	1	1	1	1	1	1
OG6109218	1	1	1	1	1	1	1
OG6109233	1	1	1	1	1	1	1
OG6109243	1	1	1	2	1	1	1
OG6109246	1	1	1	2	1	1	1
OG6109275	1	1	1	1	1	1	1
OG6109443	1	1	1	1	1	1	1
OG6109477	1	1	0	0	1	0	0
OG6109487	1	1	1	1	1	1	1
OG6109618	1	1	1	1	1	1	1
OG6109676	0	1	2	1	1	1	1
OG6109711	1	1	1	1	1	1	1
OG6109712	1	1	1	1	1	1	1
OG6109901	1	0	1	0	1	1	0
OG6109902	1	1	1	1	1	1	1
OG6109920	1	1	1	2	1	1	1
OG6110120	1	1	0	0	1	0	0
OG6110158	0	0	1	1	0	1	1
OG6110471	1	2	1	0	1	1	0
OG6110740	1	1	1	1	1	1	1
OG6110753	1	1	1	1	1	1	1
OG6110776	1	1	1	1	1	1	1
OG6111046	1	0	1	1	1	1	1
OG6111113	1	1	0	0	1	0	0
OG6111120	1	1	1	1	1	1	1
OG6111122	1	1	1	1	1	1	1
OG6111483	1	1	0	1	1	1	1
OG6111864	1	1	1	1	1	1	1
OG6111930	1	1	1	1	1	1	1
OG6112259	1	1	1	1	1	1	1
OG6112323	1	1	1	1	1	1	1
OG6112361	1	1	1	1	1	1	1
OG6112552	0	1	1	0	1	1	0
OG6112753	1	1	2	2	1	1	1
OG6112839	1	1	2	2	1	1	1
OG6112849	1	1	1	0	1	1	0
OG6113230	0	0	1	1	0	1	1
OG6113327	1	1	1	1	1	1	1
OG6113402	1	1	1	1	1	1	1
OG6113954	0	0	1	1	0	1	1
OG6114034	1	1	2	1	1	1	1
OG6114651	1	1	1	1	1	1	1
OG6114783	1	1	1	1	1	1	1
OG6115555	1	1	0	1	1	1	1
OG6116553	1	1	1	1	1	1	1
OG6116556	2	2	2	2	1	1	1
OG6116618	1	1	1	1	1	1	1
OG6116713	1	1	1	1	1	1	1
OG6117755	1	1	1	1	1	1	1
OG6117759	0	2	3	1	1	1	1
OG6117798	1	1	1	1	1	1	1
OG6117820	1	2	2	2	1	1	1
OG6117846	1	1	1	1	1	1	1
OG6117865	1	1	2	1	1	1	1
OG6117926	1	1	1	3	1	1	1
OG6117934	1	1	1	0	1	1	0
OG6119325	1	1	1	1	1	1	1
OG6119485	1	1	1	1	1	1	1
OG6120817	1	1	1	1	1	1	1
OG6120819	1	1	1	1	1	1	1
OG6120926	2	2	2	2	1	1	1
OG6120953	1	2	1	1	1	1	1
OG6120961	1	1	3	1	1	1	1
OG6121026	1	1	0	0	1	0	0
OG6121038	1	1	1	1	1	1	1
OG6121437	1	0	1	0	1	1	0
OG6122504	1	1	2	1	1	1	1
OG6122518	1	1	1	1	1	1	1
OG6122523	1	1	1	1	1	1	1
OG6122559	0	1	2	2	1	1	1
OG6122578	1	1	1	1	1	1	1
OG6122582	1	1	1	0	1	1	0
OG6122583	1	1	2	1	1	1	1
OG6122624	1	1	2	1	1	1	1
OG6122637	1	1	1	1	1	1	1
OG6122646	1	1	1	1	1	1	1
OG6122647	1	1	2	1	1	1	1
OG6122692	1	1	1	1	1	1	1
OG6122693	1	1	3	0	1	1	0
OG6124172	1	1	1	1	1	1	1
OG6124179	1	1	1	1	1	1	1
OG6124185	1	1	1	1	1	1	1
OG6124202	1	1	1	1	1	1	1
OG6124219	2	1	1	1	1	1	1
OG6124226	1	1	0	0	1	0	0
OG6124301	1	1	1	1	1	1	1
OG6124322	1	1	1	1	1	1	1
OG6124330	1	1	0	1	1	1	1
OG6124338	1	1	1	1	1	1	1
OG6124339	1	1	1	1	1	1	1
OG6124383	1	1	1	1	1	1	1
OG6124421	1	1	1	1	1	1	1
OG6124423	1	1	2	1	1	1	1
OG6124431	1	1	1	1	1	1	1
OG6124443	0	0	1	1	0	1	1
OG6124450	1	1	1	1	1	1	1
OG6124464	1	1	2	2	1	1	1
OG6124468	1	1	1	1	1	1	1
OG6124484	1	1	1	1	1	1	1
OG6126269	1	1	1	1	1	1	1
OG6126300	1	1	1	1	1	1	1
OG6126301	1	1	1	0	1	1	0
OG6126313	1	1	1	1	1	1	1
OG6126375	0	1	1	3	1	1	1
OG6126401	1	1	1	2	1	1	1
OG6126402	1	1	1	1	1	1	1
OG6126424	1	1	1	1	1	1	1
OG6126439	1	1	1	1	1	1	1
OG6126445	1	1	1	1	1	1	1
OG6126460	1	1	1	1	1	1	1
OG6126471	1	1	1	2	1	1	1
OG6126475	1	1	2	1	1	1	1
OG6126499	1	1	1	1	1	1	1
OG6126529	1	1	1	1	1	1	1
OG6126551	1	1	1	1	1	1	1
OG6126582	1	1	1	1	1	1	1
OG6126587	1	1	1	1	1	1	1
OG6126602	1	1	1	2	1	1	1
OG6126604	1	1	1	1	1	1	1
OG6126605	1	1	1	1	1	1	1
OG6126618	1	1	1	1	1	1	1
OG6126624	1	1	1	1	1	1	1
OG6126654	6	3	3	1	1	1	1
OG6126664	1	1	0	1	1	1	1
OG6126667	1	1	1	1	1	1	1
OG6128919	1	1	1	1	1	1	1
OG6128920	1	2	1	0	1	1	0
OG6128945	1	1	0	0	1	0	0
OG6128985	1	1	1	1	1	1	1
OG6129000	1	1	0	1	1	1	1
OG6129035	1	1	1	0	1	1	0
OG6129046	1	1	1	1	1	1	1
OG6129057	1	1	1	1	1	1	1
OG6129065	1	1	1	1	1	1	1
OG6129118	1	1	1	1	1	1	1
OG6129193	1	1	1	1	1	1	1
OG6129233	1	1	1	1	1	1	1
OG6129238	1	1	1	1	1	1	1
OG6129286	0	0	1	1	0	1	1
OG6129296	1	1	1	1	1	1	1
OG6129298	1	1	1	1	1	1	1
OG6129350	1	1	1	1	1	1	1
OG6130014	1	1	0	1	1	1	1
OG6130015	1	1	1	1	1	1	1
OG6132280	1	1	1	1	1	1	1
OG6132342	1	1	1	1	1	1	1
OG6132482	1	1	1	1	1	1	1
OG6132586	1	1	1	1	1	1	1
OG6132639	1	1	2	0	1	1	0
OG6132655	1	1	2	2	1	1	1
OG6132656	1	1	1	1	1	1	1
OG6132657	1	1	0	1	1	1	1
OG6132683	1	1	0	1	1	1	1
OG6132684	1	1	1	0	1	1	0
OG6132704	2	2	1	0	1	1	0
OG6132709	1	1	1	1	1	1	1
OG6132719	1	1	1	1	1	1	1
OG6132723	1	1	1	1	1	1	1
OG6132724	1	1	1	1	1	1	1
OG6136375	1	1	1	0	1	1	0
OG6136417	1	1	1	1	1	1	1
OG6136448	1	1	1	1	1	1	1
OG6136519	1	1	0	0	1	0	0
OG6136523	1	1	1	1	1	1	1
OG6136534	1	1	1	1	1	1	1
OG6136537	1	1	1	1	1	1	1
OG6136555	1	1	1	0	1	1	0
OG6136563	1	1	0	1	1	1	1
OG6136605	1	1	1	1	1	1	1
OG6136685	1	1	0	1	1	1	1
OG6136691	1	1	1	1	1	1	1
OG6136695	1	1	1	1	1	1	1
OG6136702	1	1	1	1	1	1	1
OG6136744	1	1	1	1	1	1	1
OG6136748	0	0	2	1	0	1	1
OG6136756	1	0	1	1	1	1	1
OG6136764	1	1	1	0	1	1	0
OG6136765	1	1	0	1	1	1	1
OG6136806	1	1	1	1	1	1	1
OG6136811	1	1	1	2	1	1	1
OG6137881	1	1	1	1	1	1	1
OG6137882	1	1	1	1	1	1	1
OG6138134	0	0	1	2	0	1	1
OG6140605	0	1	1	0	1	1	0
OG6141871	1	1	1	1	1	1	1
OG6141913	1	1	2	1	1	1	1
OG6141938	1	1	1	1	1	1	1
OG6141940	1	1	1	1	1	1	1
OG6141943	1	1	1	1	1	1	1
OG6142078	1	1	1	1	1	1	1
OG6142255	1	1	1	1	1	1	1
OG6142273	1	1	1	0	1	1	0
OG6142298	1	1	1	1	1	1	1
OG6142321	1	1	1	0	1	1	0
OG6142325	0	0	1	1	0	1	1
OG6142327	1	1	1	1	1	1	1
OG6142381	1	1	1	1	1	1	1
OG6142421	1	1	1	0	1	1	0
OG6142454	0	1	0	1	1	1	1
OG6142480	1	1	2	1	1	1	1
OG6142484	1	1	1	1	1	1	1
OG6150675	1	1	1	1	1	1	1
OG6150740	1	1	1	1	1	1	1
OG6150742	1	1	1	1	1	1	1
OG6150846	1	1	1	1	1	1	1
OG6150892	1	1	1	1	1	1	1
OG6150894	1	1	1	1	1	1	1
OG6150947	1	1	1	1	1	1	1
OG6151004	1	1	0	1	1	1	1
OG6151074	1	1	1	1	1	1	1
OG6151102	1	1	1	1	1	1	1
OG6151124	1	1	1	1	1	1	1
OG6151144	1	1	1	1	1	1	1
OG6151205	0	0	1	1	0	1	1
OG6151237	1	1	1	1	1	1	1
OG6151243	1	1	1	1	1	1	1
OG6151341	1	1	1	1	1	1	1
OG6153340	2	2	0	0	1	0	0
OG6153341	1	1	1	1	1	1	1
OG6162667	1	1	1	0	1	1	0
OG6162719	1	1	0	1	1	1	1
OG6162913	1	1	1	0	1	1	0
OG6162964	1	1	1	1	1	1	1
OG6162974	1	1	1	1	1	1	1
OG6163044	1	1	1	1	1	1	1
OG6163079	1	1	1	1	1	1	1
OG6163097	1	1	0	1	1	1	1
OG6163098	1	1	1	1	1	1	1
OG6163152	1	1	0	0	1	0	0
OG6163186	0	1	1	1	1	1	1
OG6163200	1	1	1	1	1	1	1
OG6163203	0	1	1	0	1	1	0
OG6163211	1	1	0	1	1	1	1
OG6163379	1	1	0	1	1	1	1
OG6163440	1	1	1	1	1	1	1
OG6163447	1	1	1	1	1	1	1
OG6163478	1	0	1	0	1	1	0
OG6163540	1	1	1	1	1	1	1
OG6163597	0	1	1	1	1	1	1
OG6163646	1	1	1	1	1	1	1
OG6163747	1	1	1	1	1	1	1
OG6163783	1	1	1	1	1	1	1
OG6163797	1	1	1	1	1	1	1
OG6163821	1	1	1	1	1	1	1
OG6166633	1	1	1	1	1	1	1
OG6166798	1	0	0	1	1	1	1
OG6176107	0	0	1	1	0	1	1
OG6183306	1	1	1	1	1	1	1
OG6183365	1	0	1	1	1	1	1
OG6183380	1	0	1	0	1	1	0
OG6183605	1	1	1	1	1	1	1
OG6183607	1	1	1	1	1	1	1
OG6183777	1	0	1	0	1	1	0
OG6183803	1	1	1	1	1	1	1
OG6183887	1	0	1	0	1	1	0
OG6183943	1	1	1	1	1	1	1
OG6183952	0	1	0	1	1	1	1
OG6183989	1	1	1	1	1	1	1
OG6184039	1	1	1	1	1	1	1
OG6184055	1	1	1	1	1	1	1
OG6184079	1	1	0	0	1	0	0
OG6186989	0	0	1	1	0	1	1
OG6186994	1	1	1	1	1	1	1
OG6187197	1	0	0	1	1	1	1
OG6187221	1	1	1	1	1	1	1
OG6201900	0	0	1	1	0	1	1
OG6202131	0	0	1	1	0	1	1
OG6315421	1	1	1	1	1	1	1
OG6315469	1	1	1	0	1	1	0
OG6315539	1	1	0	0	1	0	0
OG6315590	1	1	0	0	1	0	0
OG6315594	1	1	0	0	1	0	0
OG6315700	0	0	1	1	0	1	1
OG6315706	1	0	1	0	1	1	0
OG6315737	1	1	0	0	1	0	0
OG6315790	1	2	0	0	1	0	0
OG6315797	1	1	1	1	1	1	1
OG6315872	1	1	1	1	1	1	1
OG6315912	1	1	1	1	1	1	1
OG6315947	1	1	1	1	1	1	1
OG6315967	1	1	1	1	1	1	1
OG6315972	1	1	1	1	1	1	1
OG6316012	1	1	0	0	1	0	0
OG6316136	1	1	0	0	1	0	0
OG6316160	1	1	0	0	1	0	0
OG6316170	1	1	0	0	1	0	0
OG6316203	1	1	0	0	1	0	0
OG6316286	1	1	1	0	1	1	0
OG6316299	1	1	1	1	1	1	1
OG6316316	1	1	1	0	1	1	0
OG6316332	1	1	1	0	1	1	0
OG6316334	1	1	0	1	1	1	1
OG6316345	1	1	1	1	1	1	1
OG6316406	1	1	0	1	1	1	1
OG6316440	1	1	1	0	1	1	0
OG6386219	0	0	1	1	0	1	1
OG6427661	1	1	1	0	1	1	0
OG6r15102977	0	1	1	1	1	1	1
OG6r15109498	0	0	1	1	0	1	1
OG6r15109501	0	0	1	1	0	1	1
