#| ca.umontreal.iro.evolution.genecontent.ML Sun Jul 23 09:47:48 PDT 2023
#| System: Linux 3.10.0-1160.90.1.el7.x86_64 amd64
#| Java: OpenJDK 64-Bit Server VM 25.372-b07 (1.8.0_372-b07) mixed mode, Red Hat, Inc.
#| Current directory: /project/6069942/AGO-pipeline/exp/COUNT
#| Arguments: Anopheles/species_tree_4.newick Anopheles/input_count_X_3.csv
#| Max. paralogs 2147483647, min. lineages 1
#| Uniform rates: duplication - yes, transfer - yes, length - no
#| 0-rate transfer category: no, 0-rate duplication category: no
#| Maximum number of rounds in the optimization: 100
#| Optimization convergence delta: 0.001
# final likelihood 846.134384285856	(p0=0.9403814462959706)
# (((AnophelesgambiaePEST:0.018, AnophelesfunestusFUMOZ:0.015) node0:0.003, AnophelesatroparvusEBRO:0.082) node1:0.0, AnophelesalbimanusSTECLA:0.093) node2;
# length (t)	duplication (lambda)	loss (mu)	transfer (kappa)	// node_info
0.017761885997713635	0.809964586864546	1.0	1.0127222437288952E-5	// NWR[$0_AnophelesgambiaePEST len 0.017761885997713635 prnt $4_node0 chld []; dup 0.809964586864546, loss 1.0, transfer 1.0127222437288952E-5, g[]={0.01748087839931396,0.9686077390271565,0.013714412803829965,1.9418089591433877E-4}, h[]={0.999999821702021,1.7703271238442676E-7,1.253309237749452E-9,1.1830387762124798E-11}]
0.01526762639588268	0.809964586864546	1.0	1.0127222437288952E-5	// NWR[$1_AnophelesfunestusFUMOZ len 0.01526762639588268 prnt $4_node0 chld []; dup 0.809964586864546, loss 1.0, transfer 1.0127222437288952E-5, g[]={0.015059539209097661,0.9729264589798642,0.011867458699792903,1.447556232965035E-4}, h[]={0.9999998465509318,1.5251127997085052E-7,9.301545505177209E-10,7.563874000984154E-12}]
0.0034746957048206314	0.809964586864546	1.0	1.0127222437288952E-5	// NWR[$4_node0 len 0.0034746957048206314 prnt $5_node1 chld [$0_AnophelesgambiaePEST, $1_AnophelesfunestusFUMOZ]; dup 0.809964586864546, loss 1.0, transfer 1.0127222437288952E-5, g[]={0.0034638035168764163,0.9937403562009033,0.00278799638963399,7.82188608936872E-6}, h[]={0.999999964871992,3.507870746221718E-8,4.920829266950204E-11,9.2038394218128E-14}]
0.08171035366683559	0.809964586864546	1.0	1.0127222437288952E-5	// NWR[$2_AnophelesatroparvusEBRO len 0.08171035366683559 prnt $5_node1 chld []; dup 0.809964586864546, loss 1.0, transfer 1.0127222437288952E-5, g[]={0.07608277580886881,0.8669814220310884,0.053427170128157495,0.0032924148492316004}, h[]={0.9999992047293467,7.705065815008462E-7,2.3741282038402516E-8,9.753668779706936E-10}]
1.0203951005810683E-5	0.809964586864546	1.0	1.0127222437288952E-5	// NWR[$5_node1 len 1.0203951005810683E-5 prnt $6_node2 chld [$4_node0, $2_AnophelesatroparvusEBRO]; dup 0.809964586864546, loss 1.0, transfer 1.0127222437288952E-5, g[]={1.0203856779137121E-5,0.9999815314649128,8.26461000247998E-6,6.830503998711978E-11}, h[]={0.9999999998966629,1.0333672730985572E-10,4.270321008726265E-16,2.352894011768507E-21}]
0.09336353883975099	0.809964586864546	1.0	1.0127222437288952E-5	// NWR[$3_AnophelesalbimanusSTECLA len 0.09336353883975099 prnt $6_node2 chld []; dup 0.809964586864546, loss 1.0, transfer 1.0127222437288952E-5, g[]={0.08608754187031419,0.8501872979363397,0.05928174112673413,0.004133588962746731}, h[]={0.9999990962861813,8.7182689771715E-7,3.039569209985201E-8,1.4129598812750509E-9}]
|variation	duplication	1	1.0	0.0
|variation	loss	1	1.0	0.0
|variation	transfer	1	1.0	0.0
|variation	length	1	1.0
|root	Poisson	0.06146917999788371

