#| ca.umontreal.iro.evolution.genecontent.AsymmetricWagner Sun Jul 23 09:47:49 PDT 2023
#| System: Linux 3.10.0-1160.90.1.el7.x86_64 amd64
#| Java: OpenJDK 64-Bit Server VM 25.372-b07 (1.8.0_372-b07) mixed mode, Red Hat, Inc.
#| Current directory: /project/6069942/AGO-pipeline/exp/COUNT
#| Arguments: Anopheles/species_tree_4.newick Anopheles/input_count_X_3.csv
#| Gain penalty 1000.0
# FAMILY	name	AnophelesgambiaePEST	AnophelesfunestusFUMOZ	AnophelesatroparvusEBRO	AnophelesalbimanusSTECLA	node0	node1	node2	Gains	Losses	Expansions	Reductions
# FAMILY	OG6100154	1	1	1	1	1	1	1	0	0	0	0
# FAMILY	OG6100189	1	1	1	1	1	1	1	0	0	0	0
# FAMILY	OG6100220	2	2	2	2	2	2	2	0	0	0	0
# FAMILY	OG6100262	1	1	1	1	1	1	1	0	0	0	0
# FAMILY	OG6100338	1	1	1	1	1	1	1	0	0	0	0
# FAMILY	OG6100391	1	1	1	1	1	1	1	0	0	0	0
# FAMILY	OG6100435	1	1	1	2	1	1	2	0	0	0	1
# FAMILY	OG6100445	3	3	2	1	3	3	3	0	0	0	2
# FAMILY	OG6100515	1	1	1	1	1	1	1	0	0	0	0
# FAMILY	OG6100524	1	1	1	1	1	1	1	0	0	0	0
# FAMILY	OG6100528	1	1	1	0	1	1	1	0	1	0	0
# FAMILY	OG6100592	1	1	1	1	1	1	1	0	0	0	0
# FAMILY	OG6100598	1	1	1	1	1	1	1	0	0	0	0
# FAMILY	OG6100626	1	1	1	0	1	1	1	0	1	0	0
# FAMILY	OG6100651	1	1	1	1	1	1	1	0	0	0	0
# FAMILY	OG6100653	1	1	3	1	1	3	3	0	0	0	2
# FAMILY	OG6100674	1	1	1	1	1	1	1	0	0	0	0
# FAMILY	OG6100679	1	1	1	1	1	1	1	0	0	0	0
# FAMILY	OG6100731	1	1	1	0	1	1	1	0	1	0	0
# FAMILY	OG6100782	1	1	1	1	1	1	1	0	0	0	0
# FAMILY	OG6100878	1	1	1	1	1	1	1	0	0	0	0
# FAMILY	OG6100894	2	2	2	1	2	2	2	0	0	0	1
# FAMILY	OG6100896	2	2	2	2	2	2	2	0	0	0	0
# FAMILY	OG6100923	1	1	2	2	1	2	2	0	0	0	1
# FAMILY	OG6100957	1	1	0	1	1	1	1	0	1	0	0
# FAMILY	OG6100986	1	1	1	1	1	1	1	0	0	0	0
# FAMILY	OG6100998	1	1	1	1	1	1	1	0	0	0	0
# FAMILY	OG6101039	1	1	1	0	1	1	1	0	1	0	0
# FAMILY	OG6101045	1	1	1	1	1	1	1	0	0	0	0
# FAMILY	OG6101047	1	1	1	1	1	1	1	0	0	0	0
# FAMILY	OG6101143	1	1	1	1	1	1	1	0	0	0	0
# FAMILY	OG6101156	1	1	1	1	1	1	1	0	0	0	0
# FAMILY	OG6101169	1	1	2	1	1	2	2	0	0	0	2
# FAMILY	OG6101193	1	1	1	1	1	1	1	0	0	0	0
# FAMILY	OG6101257	1	1	0	1	1	1	1	0	1	0	0
# FAMILY	OG6101347	1	1	3	2	1	3	3	0	0	0	2
# FAMILY	OG6101413	1	1	1	1	1	1	1	0	0	0	0
# FAMILY	OG6101414	1	1	2	1	1	2	2	0	0	0	2
# FAMILY	OG6101423	1	1	1	1	1	1	1	0	0	0	0
# FAMILY	OG6101431	1	1	1	1	1	1	1	0	0	0	0
# FAMILY	OG6101432	1	1	1	1	1	1	1	0	0	0	0
# FAMILY	OG6101456	0	1	1	1	1	1	1	0	1	0	0
# FAMILY	OG6101497	1	1	1	1	1	1	1	0	0	0	0
# FAMILY	OG6101502	1	1	1	1	1	1	1	0	0	0	0
# FAMILY	OG6101571	1	1	1	1	1	1	1	0	0	0	0
# FAMILY	OG6101596	1	1	1	1	1	1	1	0	0	0	0
# FAMILY	OG6101603	1	1	1	1	1	1	1	0	0	0	0
# FAMILY	OG6101604	1	1	1	1	1	1	1	0	0	0	0
# FAMILY	OG6101650	1	1	1	1	1	1	1	0	0	0	0
# FAMILY	OG6101672	1	1	1	1	1	1	1	0	0	0	0
# FAMILY	OG6101673	1	0	1	1	1	1	1	0	1	0	0
# FAMILY	OG6101684	1	1	1	1	1	1	1	0	0	0	0
# FAMILY	OG6101731	2	2	2	2	2	2	2	0	0	0	0
# FAMILY	OG6101766	1	1	0	1	1	1	1	0	1	0	0
# FAMILY	OG6101891	1	1	1	1	1	1	1	0	0	0	0
# FAMILY	OG6101919	1	1	1	1	1	1	1	0	0	0	0
# FAMILY	OG6101938	1	1	1	1	1	1	1	0	0	0	0
# FAMILY	OG6101944	1	1	1	1	1	1	1	0	0	0	0
# FAMILY	OG6102019	1	1	1	1	1	1	1	0	0	0	0
# FAMILY	OG6102059	1	1	1	1	1	1	1	0	0	0	0
# FAMILY	OG6102133	1	1	1	1	1	1	1	0	0	0	0
# FAMILY	OG6102134	1	1	1	1	1	1	1	0	0	0	0
# FAMILY	OG6102235	1	1	1	1	1	1	1	0	0	0	0
# FAMILY	OG6102242	1	1	1	1	1	1	1	0	0	0	0
# FAMILY	OG6102303	1	1	1	1	1	1	1	0	0	0	0
# FAMILY	OG6102317	1	1	1	1	1	1	1	0	0	0	0
# FAMILY	OG6102384	1	1	1	1	1	1	1	0	0	0	0
# FAMILY	OG6102385	1	1	1	1	1	1	1	0	0	0	0
# FAMILY	OG6102422	1	1	1	0	1	1	1	0	1	0	0
# FAMILY	OG6102427	1	1	2	2	1	2	2	0	0	0	1
# FAMILY	OG6102503	1	1	1	1	1	1	1	0	0	0	0
# FAMILY	OG6102557	0	1	1	1	1	1	1	0	1	0	0
# FAMILY	OG6102617	1	1	1	1	1	1	1	0	0	0	0
# FAMILY	OG6102621	1	1	1	1	1	1	1	0	0	0	0
# FAMILY	OG6102624	1	1	1	1	1	1	1	0	0	0	0
# FAMILY	OG6102627	2	2	2	2	2	2	2	0	0	0	0
# FAMILY	OG6102655	1	1	1	2	1	1	2	0	0	0	1
# FAMILY	OG6102656	1	1	1	1	1	1	1	0	0	0	0
# FAMILY	OG6102674	1	1	1	1	1	1	1	0	0	0	0
# FAMILY	OG6102757	1	1	1	1	1	1	1	0	0	0	0
# FAMILY	OG6102794	1	1	0	1	1	1	1	0	1	0	0
# FAMILY	OG6102830	1	1	1	0	1	1	1	0	1	0	0
# FAMILY	OG6102836	1	1	1	1	1	1	1	0	0	0	0
# FAMILY	OG6102852	1	1	1	1	1	1	1	0	0	0	0
# FAMILY	OG6102882	1	1	1	1	1	1	1	0	0	0	0
# FAMILY	OG6102890	1	1	1	1	1	1	1	0	0	0	0
# FAMILY	OG6102942	1	1	0	1	1	1	1	0	1	0	0
# FAMILY	OG6102957	1	1	1	1	1	1	1	0	0	0	0
# FAMILY	OG6102986	1	1	1	1	1	1	1	0	0	0	0
# FAMILY	OG6102999	1	1	1	1	1	1	1	0	0	0	0
# FAMILY	OG6103034	1	1	1	1	1	1	1	0	0	0	0
# FAMILY	OG6103099	1	1	1	1	1	1	1	0	0	0	0
# FAMILY	OG6103101	1	1	1	0	1	1	1	0	1	0	0
# FAMILY	OG6103116	1	1	1	1	1	1	1	0	0	0	0
# FAMILY	OG6103166	1	1	1	0	1	1	1	0	1	0	0
# FAMILY	OG6103218	1	1	1	1	1	1	1	0	0	0	0
# FAMILY	OG6103257	1	1	1	1	1	1	1	0	0	0	0
# FAMILY	OG6103261	1	1	1	1	1	1	1	0	0	0	0
# FAMILY	OG6103264	1	1	1	1	1	1	1	0	0	0	0
# FAMILY	OG6103326	1	1	1	1	1	1	1	0	0	0	0
# FAMILY	OG6103358	2	2	2	1	2	2	2	0	0	0	1
# FAMILY	OG6103377	1	2	1	0	2	2	2	0	1	0	2
# FAMILY	OG6103381	1	1	1	0	1	1	1	0	1	0	0
# FAMILY	OG6103473	1	1	1	1	1	1	1	0	0	0	0
# FAMILY	OG6103480	1	1	1	1	1	1	1	0	0	0	0
# FAMILY	OG6103504	1	1	1	1	1	1	1	0	0	0	0
# FAMILY	OG6103519	1	1	1	1	1	1	1	0	0	0	0
# FAMILY	OG6103598	2	2	0	1	2	2	2	0	1	0	1
# FAMILY	OG6103618	1	1	1	1	1	1	1	0	0	0	0
# FAMILY	OG6103652	1	1	1	0	1	1	1	0	1	0	0
# FAMILY	OG6103663	1	1	1	1	1	1	1	0	0	0	0
# FAMILY	OG6103747	1	1	1	1	1	1	1	0	0	0	0
# FAMILY	OG6103788	1	1	1	1	1	1	1	0	0	0	0
# FAMILY	OG6103806	1	1	0	1	1	1	1	0	1	0	0
# FAMILY	OG6103812	1	1	1	1	1	1	1	0	0	0	0
# FAMILY	OG6103877	1	1	1	1	1	1	1	0	0	0	0
# FAMILY	OG6103915	1	1	1	1	1	1	1	0	0	0	0
# FAMILY	OG6103955	1	1	1	1	1	1	1	0	0	0	0
# FAMILY	OG6103965	1	1	1	1	1	1	1	0	0	0	0
# FAMILY	OG6103982	1	1	1	1	1	1	1	0	0	0	0
# FAMILY	OG6103986	1	1	2	2	1	2	2	0	0	0	1
# FAMILY	OG6103992	1	1	1	1	1	1	1	0	0	0	0
# FAMILY	OG6103997	1	1	1	1	1	1	1	0	0	0	0
# FAMILY	OG6103999	1	1	1	1	1	1	1	0	0	0	0
# FAMILY	OG6104013	1	1	1	1	1	1	1	0	0	0	0
# FAMILY	OG6104017	1	1	1	1	1	1	1	0	0	0	0
# FAMILY	OG6104021	1	1	1	1	1	1	1	0	0	0	0
# FAMILY	OG6104023	1	1	1	1	1	1	1	0	0	0	0
# FAMILY	OG6104030	1	1	1	1	1	1	1	0	0	0	0
# FAMILY	OG6104033	1	1	1	1	1	1	1	0	0	0	0
# FAMILY	OG6104063	1	1	1	1	1	1	1	0	0	0	0
# FAMILY	OG6104071	1	1	1	1	1	1	1	0	0	0	0
# FAMILY	OG6104079	1	1	1	1	1	1	1	0	0	0	0
# FAMILY	OG6104093	1	1	1	1	1	1	1	0	0	0	0
# FAMILY	OG6104098	1	1	1	1	1	1	1	0	0	0	0
# FAMILY	OG6104100	1	1	1	1	1	1	1	0	0	0	0
# FAMILY	OG6104136	1	1	0	1	1	1	1	0	1	0	0
# FAMILY	OG6104137	1	1	1	1	1	1	1	0	0	0	0
# FAMILY	OG6104147	1	1	1	1	1	1	1	0	0	0	0
# FAMILY	OG6104177	1	1	1	1	1	1	1	0	0	0	0
# FAMILY	OG6104182	1	1	1	1	1	1	1	0	0	0	0
# FAMILY	OG6104188	1	1	1	1	1	1	1	0	0	0	0
# FAMILY	OG6104189	1	1	1	1	1	1	1	0	0	0	0
# FAMILY	OG6104190	1	1	0	1	1	1	1	0	1	0	0
# FAMILY	OG6104212	1	1	1	1	1	1	1	0	0	0	0
# FAMILY	OG6104215	1	1	1	1	1	1	1	0	0	0	0
# FAMILY	OG6104216	1	1	1	1	1	1	1	0	0	0	0
# FAMILY	OG6104247	2	2	2	1	2	2	2	0	0	0	1
# FAMILY	OG6104250	1	1	1	1	1	1	1	0	0	0	0
# FAMILY	OG6104306	1	1	1	1	1	1	1	0	0	0	0
# FAMILY	OG6104310	1	1	0	1	1	1	1	0	1	0	0
# FAMILY	OG6104329	1	1	1	1	1	1	1	0	0	0	0
# FAMILY	OG6104359	1	1	1	1	1	1	1	0	0	0	0
# FAMILY	OG6104373	1	1	1	1	1	1	1	0	0	0	0
# FAMILY	OG6104399	1	1	1	1	1	1	1	0	0	0	0
# FAMILY	OG6104403	1	1	1	1	1	1	1	0	0	0	0
# FAMILY	OG6104432	1	1	1	0	1	1	1	0	1	0	0
# FAMILY	OG6104434	1	1	1	1	1	1	1	0	0	0	0
# FAMILY	OG6104448	1	1	1	1	1	1	1	0	0	0	0
# FAMILY	OG6104460	1	1	1	1	1	1	1	0	0	0	0
# FAMILY	OG6104478	1	1	1	1	1	1	1	0	0	0	0
# FAMILY	OG6104480	1	1	1	1	1	1	1	0	0	0	0
# FAMILY	OG6104507	1	1	1	1	1	1	1	0	0	0	0
# FAMILY	OG6104525	1	1	1	1	1	1	1	0	0	0	0
# FAMILY	OG6104527	1	1	1	1	1	1	1	0	0	0	0
# FAMILY	OG6104535	1	1	1	1	1	1	1	0	0	0	0
# FAMILY	OG6104541	1	1	1	1	1	1	1	0	0	0	0
# FAMILY	OG6104562	1	1	1	1	1	1	1	0	0	0	0
# FAMILY	OG6104609	2	2	5	4	2	5	5	0	0	0	2
# FAMILY	OG6104643	1	1	1	1	1	1	1	0	0	0	0
# FAMILY	OG6104715	1	1	1	1	1	1	1	0	0	0	0
# FAMILY	OG6104725	1	1	1	2	1	1	2	0	0	0	1
# FAMILY	OG6104772	1	1	1	1	1	1	1	0	0	0	0
# FAMILY	OG6104788	1	1	1	1	1	1	1	0	0	0	0
# FAMILY	OG6104802	1	1	1	1	1	1	1	0	0	0	0
# FAMILY	OG6104823	1	1	0	1	1	1	1	0	1	0	0
# FAMILY	OG6104879	1	1	1	1	1	1	1	0	0	0	0
# FAMILY	OG6104887	1	1	1	1	1	1	1	0	0	0	0
# FAMILY	OG6104898	1	1	1	1	1	1	1	0	0	0	0
# FAMILY	OG6104979	1	1	1	1	1	1	1	0	0	0	0
# FAMILY	OG6105040	1	1	2	1	1	2	2	0	0	0	2
# FAMILY	OG6105044	1	1	1	1	1	1	1	0	0	0	0
# FAMILY	OG6105053	1	1	1	1	1	1	1	0	0	0	0
# FAMILY	OG6105064	1	1	1	1	1	1	1	0	0	0	0
# FAMILY	OG6105083	1	1	1	1	1	1	1	0	0	0	0
# FAMILY	OG6105117	1	1	1	1	1	1	1	0	0	0	0
# FAMILY	OG6105165	1	1	1	1	1	1	1	0	0	0	0
# FAMILY	OG6105169	1	1	1	0	1	1	1	0	1	0	0
# FAMILY	OG6105199	1	1	1	1	1	1	1	0	0	0	0
# FAMILY	OG6105219	1	1	1	1	1	1	1	0	0	0	0
# FAMILY	OG6105234	1	1	1	1	1	1	1	0	0	0	0
# FAMILY	OG6105304	1	1	1	0	1	1	1	0	1	0	0
# FAMILY	OG6105319	1	1	1	1	1	1	1	0	0	0	0
# FAMILY	OG6105324	1	1	1	2	1	1	2	0	0	0	1
# FAMILY	OG6105334	1	1	1	1	1	1	1	0	0	0	0
# FAMILY	OG6105349	1	1	1	1	1	1	1	0	0	0	0
# FAMILY	OG6105354	1	4	1	0	4	4	4	0	1	0	2
# FAMILY	OG6105362	1	1	1	1	1	1	1	0	0	0	0
# FAMILY	OG6105363	1	1	1	1	1	1	1	0	0	0	0
# FAMILY	OG6105368	1	1	2	1	1	2	2	0	0	0	2
# FAMILY	OG6105380	1	1	0	1	1	1	1	0	1	0	0
# FAMILY	OG6105414	1	1	1	1	1	1	1	0	0	0	0
# FAMILY	OG6105431	1	1	1	1	1	1	1	0	0	0	0
# FAMILY	OG6105449	1	1	2	1	1	2	2	0	0	0	2
# FAMILY	OG6105450	1	1	1	1	1	1	1	0	0	0	0
# FAMILY	OG6105507	1	1	1	0	1	1	1	0	1	0	0
# FAMILY	OG6105514	1	1	1	1	1	1	1	0	0	0	0
# FAMILY	OG6105527	0	1	1	1	1	1	1	0	1	0	0
# FAMILY	OG6105533	1	1	1	1	1	1	1	0	0	0	0
# FAMILY	OG6105557	1	1	1	1	1	1	1	0	0	0	0
# FAMILY	OG6105564	1	1	0	1	1	1	1	0	1	0	0
# FAMILY	OG6105629	1	1	1	1	1	1	1	0	0	0	0
# FAMILY	OG6105648	1	1	0	1	1	1	1	0	1	0	0
# FAMILY	OG6105713	2	2	2	2	2	2	2	0	0	0	0
# FAMILY	OG6105715	1	1	1	1	1	1	1	0	0	0	0
# FAMILY	OG6105739	1	1	1	1	1	1	1	0	0	0	0
# FAMILY	OG6105759	0	1	1	1	1	1	1	0	1	0	0
# FAMILY	OG6105774	1	1	1	1	1	1	1	0	0	0	0
# FAMILY	OG6105865	1	2	2	1	2	2	2	0	0	0	2
# FAMILY	OG6105874	1	1	1	1	1	1	1	0	0	0	0
# FAMILY	OG6105891	1	1	1	1	1	1	1	0	0	0	0
# FAMILY	OG6105968	1	1	1	1	1	1	1	0	0	0	0
# FAMILY	OG6105971	1	1	1	0	1	1	1	0	1	0	0
# FAMILY	OG6105997	1	1	1	1	1	1	1	0	0	0	0
# FAMILY	OG6106107	1	1	1	1	1	1	1	0	0	0	0
# FAMILY	OG6106124	1	1	1	1	1	1	1	0	0	0	0
# FAMILY	OG6106132	1	1	1	1	1	1	1	0	0	0	0
# FAMILY	OG6106235	1	1	1	1	1	1	1	0	0	0	0
# FAMILY	OG6106237	1	1	1	0	1	1	1	0	1	0	0
# FAMILY	OG6106240	1	1	0	1	1	1	1	0	1	0	0
# FAMILY	OG6106249	1	1	1	1	1	1	1	0	0	0	0
# FAMILY	OG6106318	1	1	1	1	1	1	1	0	0	0	0
# FAMILY	OG6106364	1	1	1	1	1	1	1	0	0	0	0
# FAMILY	OG6106420	1	1	1	1	1	1	1	0	0	0	0
# FAMILY	OG6106435	1	1	1	1	1	1	1	0	0	0	0
# FAMILY	OG6106460	1	1	1	1	1	1	1	0	0	0	0
# FAMILY	OG6106472	1	1	1	1	1	1	1	0	0	0	0
# FAMILY	OG6106474	1	1	1	1	1	1	1	0	0	0	0
# FAMILY	OG6106476	1	1	1	2	1	1	2	0	0	0	1
# FAMILY	OG6106541	1	1	1	1	1	1	1	0	0	0	0
# FAMILY	OG6106561	2	2	2	2	2	2	2	0	0	0	0
# FAMILY	OG6106571	1	1	1	1	1	1	1	0	0	0	0
# FAMILY	OG6106586	1	1	1	1	1	1	1	0	0	0	0
# FAMILY	OG6106611	1	1	1	1	1	1	1	0	0	0	0
# FAMILY	OG6106616	1	1	1	1	1	1	1	0	0	0	0
# FAMILY	OG6106710	1	1	1	1	1	1	1	0	0	0	0
# FAMILY	OG6106742	1	1	1	1	1	1	1	0	0	0	0
# FAMILY	OG6106875	1	1	1	0	1	1	1	0	1	0	0
# FAMILY	OG6106904	1	1	1	1	1	1	1	0	0	0	0
# FAMILY	OG6106917	1	0	1	1	1	1	1	0	1	0	0
# FAMILY	OG6106940	1	2	1	2	2	2	2	0	0	0	2
# FAMILY	OG6107023	1	1	1	1	1	1	1	0	0	0	0
# FAMILY	OG6107032	1	1	1	1	1	1	1	0	0	0	0
# FAMILY	OG6107046	1	1	1	1	1	1	1	0	0	0	0
# FAMILY	OG6107078	1	1	1	1	1	1	1	0	0	0	0
# FAMILY	OG6107098	1	1	1	1	1	1	1	0	0	0	0
# FAMILY	OG6107190	1	1	1	0	1	1	1	0	1	0	0
# FAMILY	OG6107244	1	1	1	1	1	1	1	0	0	0	0
# FAMILY	OG6107366	1	1	1	1	1	1	1	0	0	0	0
# FAMILY	OG6107391	1	1	1	1	1	1	1	0	0	0	0
# FAMILY	OG6107399	1	1	0	1	1	1	1	0	1	0	0
# FAMILY	OG6107413	1	1	0	1	1	1	1	0	1	0	0
# FAMILY	OG6107420	1	1	1	1	1	1	1	0	0	0	0
# FAMILY	OG6107516	1	1	1	1	1	1	1	0	0	0	0
# FAMILY	OG6107540	1	1	3	3	1	3	3	0	0	0	1
# FAMILY	OG6107564	1	1	1	0	1	1	1	0	1	0	0
# FAMILY	OG6107572	1	1	1	1	1	1	1	0	0	0	0
# FAMILY	OG6107716	1	1	1	1	1	1	1	0	0	0	0
# FAMILY	OG6107727	1	1	1	2	1	1	2	0	0	0	1
# FAMILY	OG6107739	1	1	1	1	1	1	1	0	0	0	0
# FAMILY	OG6107740	1	1	1	1	1	1	1	0	0	0	0
# FAMILY	OG6107742	1	1	1	0	1	1	1	0	1	0	0
# FAMILY	OG6107758	1	1	1	1	1	1	1	0	0	0	0
# FAMILY	OG6107806	1	1	1	1	1	1	1	0	0	0	0
# FAMILY	OG6107907	1	1	1	1	1	1	1	0	0	0	0
# FAMILY	OG6107914	1	1	1	1	1	1	1	0	0	0	0
# FAMILY	OG6107917	1	1	1	1	1	1	1	0	0	0	0
# FAMILY	OG6107930	1	1	0	1	1	1	1	0	1	0	0
# FAMILY	OG6107931	1	1	1	1	1	1	1	0	0	0	0
# FAMILY	OG6107955	1	1	1	0	1	1	1	0	1	0	0
# FAMILY	OG6107969	1	1	1	1	1	1	1	0	0	0	0
# FAMILY	OG6107975	1	1	1	1	1	1	1	0	0	0	0
# FAMILY	OG6107978	1	1	1	1	1	1	1	0	0	0	0
# FAMILY	OG6108096	1	1	1	1	1	1	1	0	0	0	0
# FAMILY	OG6108101	1	1	2	1	1	2	2	0	0	0	2
# FAMILY	OG6108102	1	1	1	1	1	1	1	0	0	0	0
# FAMILY	OG6108140	1	1	1	0	1	1	1	0	1	0	0
# FAMILY	OG6108144	1	1	1	1	1	1	1	0	0	0	0
# FAMILY	OG6108171	1	1	1	0	1	1	1	0	1	0	0
# FAMILY	OG6108295	1	1	1	1	1	1	1	0	0	0	0
# FAMILY	OG6108363	1	1	1	1	1	1	1	0	0	0	0
# FAMILY	OG6108499	1	1	1	1	1	1	1	0	0	0	0
# FAMILY	OG6108569	1	1	1	1	1	1	1	0	0	0	0
# FAMILY	OG6108574	1	1	1	1	1	1	1	0	0	0	0
# FAMILY	OG6108585	1	1	1	1	1	1	1	0	0	0	0
# FAMILY	OG6108587	1	1	1	1	1	1	1	0	0	0	0
# FAMILY	OG6108589	1	1	1	1	1	1	1	0	0	0	0
# FAMILY	OG6108692	1	1	1	1	1	1	1	0	0	0	0
# FAMILY	OG6108764	1	1	1	1	1	1	1	0	0	0	0
# FAMILY	OG6108781	1	1	1	1	1	1	1	0	0	0	0
# FAMILY	OG6108971	1	1	1	1	1	1	1	0	0	0	0
# FAMILY	OG6109017	1	1	1	1	1	1	1	0	0	0	0
# FAMILY	OG6109176	0	1	1	1	1	1	1	0	1	0	0
# FAMILY	OG6109177	1	2	2	1	2	2	2	0	0	0	2
# FAMILY	OG6109207	1	1	1	1	1	1	1	0	0	0	0
# FAMILY	OG6109213	1	1	1	1	1	1	1	0	0	0	0
# FAMILY	OG6109218	1	1	1	1	1	1	1	0	0	0	0
# FAMILY	OG6109233	1	1	1	1	1	1	1	0	0	0	0
# FAMILY	OG6109243	1	1	1	2	1	1	2	0	0	0	1
# FAMILY	OG6109246	1	1	1	2	1	1	2	0	0	0	1
# FAMILY	OG6109275	1	1	1	1	1	1	1	0	0	0	0
# FAMILY	OG6109443	1	1	1	1	1	1	1	0	0	0	0
# FAMILY	OG6109487	1	1	1	1	1	1	1	0	0	0	0
# FAMILY	OG6109618	1	1	1	1	1	1	1	0	0	0	0
# FAMILY	OG6109676	0	1	2	1	1	2	2	0	1	0	2
# FAMILY	OG6109711	1	1	1	1	1	1	1	0	0	0	0
# FAMILY	OG6109712	1	1	1	1	1	1	1	0	0	0	0
# FAMILY	OG6109902	1	1	1	1	1	1	1	0	0	0	0
# FAMILY	OG6109920	1	1	1	2	1	1	2	0	0	0	1
# FAMILY	OG6110471	1	2	1	0	2	2	2	0	1	0	2
# FAMILY	OG6110740	1	1	1	1	1	1	1	0	0	0	0
# FAMILY	OG6110753	1	1	1	1	1	1	1	0	0	0	0
# FAMILY	OG6110776	1	1	1	1	1	1	1	0	0	0	0
# FAMILY	OG6111046	1	0	1	1	1	1	1	0	1	0	0
# FAMILY	OG6111120	1	1	1	1	1	1	1	0	0	0	0
# FAMILY	OG6111122	1	1	1	1	1	1	1	0	0	0	0
# FAMILY	OG6111483	1	1	0	1	1	1	1	0	1	0	0
# FAMILY	OG6111864	1	1	1	1	1	1	1	0	0	0	0
# FAMILY	OG6111930	1	1	1	1	1	1	1	0	0	0	0
# FAMILY	OG6112259	1	1	1	1	1	1	1	0	0	0	0
# FAMILY	OG6112323	1	1	1	1	1	1	1	0	0	0	0
# FAMILY	OG6112361	1	1	1	1	1	1	1	0	0	0	0
# FAMILY	OG6112753	1	1	2	2	1	2	2	0	0	0	1
# FAMILY	OG6112839	1	1	2	2	1	2	2	0	0	0	1
# FAMILY	OG6112849	1	1	1	0	1	1	1	0	1	0	0
# FAMILY	OG6113327	1	1	1	1	1	1	1	0	0	0	0
# FAMILY	OG6113402	1	1	1	1	1	1	1	0	0	0	0
# FAMILY	OG6114034	1	1	2	1	1	2	2	0	0	0	2
# FAMILY	OG6114651	1	1	1	1	1	1	1	0	0	0	0
# FAMILY	OG6114783	1	1	1	1	1	1	1	0	0	0	0
# FAMILY	OG6115555	1	1	0	1	1	1	1	0	1	0	0
# FAMILY	OG6116553	1	1	1	1	1	1	1	0	0	0	0
# FAMILY	OG6116556	2	2	2	2	2	2	2	0	0	0	0
# FAMILY	OG6116618	1	1	1	1	1	1	1	0	0	0	0
# FAMILY	OG6116713	1	1	1	1	1	1	1	0	0	0	0
# FAMILY	OG6117755	1	1	1	1	1	1	1	0	0	0	0
# FAMILY	OG6117759	0	2	3	1	2	3	3	0	1	0	2
# FAMILY	OG6117798	1	1	1	1	1	1	1	0	0	0	0
# FAMILY	OG6117820	1	2	2	2	2	2	2	0	0	0	1
# FAMILY	OG6117846	1	1	1	1	1	1	1	0	0	0	0
# FAMILY	OG6117865	1	1	2	1	1	2	2	0	0	0	2
# FAMILY	OG6117926	1	1	1	3	1	1	3	0	0	0	1
# FAMILY	OG6117934	1	1	1	0	1	1	1	0	1	0	0
# FAMILY	OG6119325	1	1	1	1	1	1	1	0	0	0	0
# FAMILY	OG6119485	1	1	1	1	1	1	1	0	0	0	0
# FAMILY	OG6120817	1	1	1	1	1	1	1	0	0	0	0
# FAMILY	OG6120819	1	1	1	1	1	1	1	0	0	0	0
# FAMILY	OG6120926	2	2	2	2	2	2	2	0	0	0	0
# FAMILY	OG6120953	1	2	1	1	2	2	2	0	0	0	3
# FAMILY	OG6120961	1	1	3	1	1	3	3	0	0	0	2
# FAMILY	OG6121038	1	1	1	1	1	1	1	0	0	0	0
# FAMILY	OG6122504	1	1	2	1	1	2	2	0	0	0	2
# FAMILY	OG6122518	1	1	1	1	1	1	1	0	0	0	0
# FAMILY	OG6122523	1	1	1	1	1	1	1	0	0	0	0
# FAMILY	OG6122559	0	1	2	2	1	2	2	0	1	0	1
# FAMILY	OG6122578	1	1	1	1	1	1	1	0	0	0	0
# FAMILY	OG6122582	1	1	1	0	1	1	1	0	1	0	0
# FAMILY	OG6122583	1	1	2	1	1	2	2	0	0	0	2
# FAMILY	OG6122624	1	1	2	1	1	2	2	0	0	0	2
# FAMILY	OG6122637	1	1	1	1	1	1	1	0	0	0	0
# FAMILY	OG6122646	1	1	1	1	1	1	1	0	0	0	0
# FAMILY	OG6122647	1	1	2	1	1	2	2	0	0	0	2
# FAMILY	OG6122692	1	1	1	1	1	1	1	0	0	0	0
# FAMILY	OG6122693	1	1	3	0	1	3	3	0	1	0	1
# FAMILY	OG6124172	1	1	1	1	1	1	1	0	0	0	0
# FAMILY	OG6124179	1	1	1	1	1	1	1	0	0	0	0
# FAMILY	OG6124185	1	1	1	1	1	1	1	0	0	0	0
# FAMILY	OG6124202	1	1	1	1	1	1	1	0	0	0	0
# FAMILY	OG6124219	2	1	1	1	2	2	2	0	0	0	3
# FAMILY	OG6124301	1	1	1	1	1	1	1	0	0	0	0
# FAMILY	OG6124322	1	1	1	1	1	1	1	0	0	0	0
# FAMILY	OG6124330	1	1	0	1	1	1	1	0	1	0	0
# FAMILY	OG6124338	1	1	1	1	1	1	1	0	0	0	0
# FAMILY	OG6124339	1	1	1	1	1	1	1	0	0	0	0
# FAMILY	OG6124383	1	1	1	1	1	1	1	0	0	0	0
# FAMILY	OG6124421	1	1	1	1	1	1	1	0	0	0	0
# FAMILY	OG6124423	1	1	2	1	1	2	2	0	0	0	2
# FAMILY	OG6124431	1	1	1	1	1	1	1	0	0	0	0
# FAMILY	OG6124450	1	1	1	1	1	1	1	0	0	0	0
# FAMILY	OG6124464	1	1	2	2	1	2	2	0	0	0	1
# FAMILY	OG6124468	1	1	1	1	1	1	1	0	0	0	0
# FAMILY	OG6124484	1	1	1	1	1	1	1	0	0	0	0
# FAMILY	OG6126269	1	1	1	1	1	1	1	0	0	0	0
# FAMILY	OG6126300	1	1	1	1	1	1	1	0	0	0	0
# FAMILY	OG6126301	1	1	1	0	1	1	1	0	1	0	0
# FAMILY	OG6126313	1	1	1	1	1	1	1	0	0	0	0
# FAMILY	OG6126375	0	1	1	3	1	1	3	0	1	0	1
# FAMILY	OG6126401	1	1	1	2	1	1	2	0	0	0	1
# FAMILY	OG6126402	1	1	1	1	1	1	1	0	0	0	0
# FAMILY	OG6126424	1	1	1	1	1	1	1	0	0	0	0
# FAMILY	OG6126439	1	1	1	1	1	1	1	0	0	0	0
# FAMILY	OG6126445	1	1	1	1	1	1	1	0	0	0	0
# FAMILY	OG6126460	1	1	1	1	1	1	1	0	0	0	0
# FAMILY	OG6126471	1	1	1	2	1	1	2	0	0	0	1
# FAMILY	OG6126475	1	1	2	1	1	2	2	0	0	0	2
# FAMILY	OG6126499	1	1	1	1	1	1	1	0	0	0	0
# FAMILY	OG6126529	1	1	1	1	1	1	1	0	0	0	0
# FAMILY	OG6126551	1	1	1	1	1	1	1	0	0	0	0
# FAMILY	OG6126582	1	1	1	1	1	1	1	0	0	0	0
# FAMILY	OG6126587	1	1	1	1	1	1	1	0	0	0	0
# FAMILY	OG6126602	1	1	1	2	1	1	2	0	0	0	1
# FAMILY	OG6126604	1	1	1	1	1	1	1	0	0	0	0
# FAMILY	OG6126605	1	1	1	1	1	1	1	0	0	0	0
# FAMILY	OG6126618	1	1	1	1	1	1	1	0	0	0	0
# FAMILY	OG6126624	1	1	1	1	1	1	1	0	0	0	0
# FAMILY	OG6126654	6	3	3	1	6	6	6	0	0	0	3
# FAMILY	OG6126664	1	1	0	1	1	1	1	0	1	0	0
# FAMILY	OG6126667	1	1	1	1	1	1	1	0	0	0	0
# FAMILY	OG6128919	1	1	1	1	1	1	1	0	0	0	0
# FAMILY	OG6128920	1	2	1	0	2	2	2	0	1	0	2
# FAMILY	OG6128985	1	1	1	1	1	1	1	0	0	0	0
# FAMILY	OG6129000	1	1	0	1	1	1	1	0	1	0	0
# FAMILY	OG6129035	1	1	1	0	1	1	1	0	1	0	0
# FAMILY	OG6129046	1	1	1	1	1	1	1	0	0	0	0
# FAMILY	OG6129057	1	1	1	1	1	1	1	0	0	0	0
# FAMILY	OG6129065	1	1	1	1	1	1	1	0	0	0	0
# FAMILY	OG6129118	1	1	1	1	1	1	1	0	0	0	0
# FAMILY	OG6129193	1	1	1	1	1	1	1	0	0	0	0
# FAMILY	OG6129233	1	1	1	1	1	1	1	0	0	0	0
# FAMILY	OG6129238	1	1	1	1	1	1	1	0	0	0	0
# FAMILY	OG6129296	1	1	1	1	1	1	1	0	0	0	0
# FAMILY	OG6129298	1	1	1	1	1	1	1	0	0	0	0
# FAMILY	OG6129350	1	1	1	1	1	1	1	0	0	0	0
# FAMILY	OG6130014	1	1	0	1	1	1	1	0	1	0	0
# FAMILY	OG6130015	1	1	1	1	1	1	1	0	0	0	0
# FAMILY	OG6132280	1	1	1	1	1	1	1	0	0	0	0
# FAMILY	OG6132342	1	1	1	1	1	1	1	0	0	0	0
# FAMILY	OG6132482	1	1	1	1	1	1	1	0	0	0	0
# FAMILY	OG6132586	1	1	1	1	1	1	1	0	0	0	0
# FAMILY	OG6132639	1	1	2	0	1	2	2	0	1	0	1
# FAMILY	OG6132655	1	1	2	2	1	2	2	0	0	0	1
# FAMILY	OG6132656	1	1	1	1	1	1	1	0	0	0	0
# FAMILY	OG6132657	1	1	0	1	1	1	1	0	1	0	0
# FAMILY	OG6132683	1	1	0	1	1	1	1	0	1	0	0
# FAMILY	OG6132684	1	1	1	0	1	1	1	0	1	0	0
# FAMILY	OG6132704	2	2	1	0	2	2	2	0	1	0	1
# FAMILY	OG6132709	1	1	1	1	1	1	1	0	0	0	0
# FAMILY	OG6132719	1	1	1	1	1	1	1	0	0	0	0
# FAMILY	OG6132723	1	1	1	1	1	1	1	0	0	0	0
# FAMILY	OG6132724	1	1	1	1	1	1	1	0	0	0	0
# FAMILY	OG6136375	1	1	1	0	1	1	1	0	1	0	0
# FAMILY	OG6136417	1	1	1	1	1	1	1	0	0	0	0
# FAMILY	OG6136448	1	1	1	1	1	1	1	0	0	0	0
# FAMILY	OG6136523	1	1	1	1	1	1	1	0	0	0	0
# FAMILY	OG6136534	1	1	1	1	1	1	1	0	0	0	0
# FAMILY	OG6136537	1	1	1	1	1	1	1	0	0	0	0
# FAMILY	OG6136555	1	1	1	0	1	1	1	0	1	0	0
# FAMILY	OG6136563	1	1	0	1	1	1	1	0	1	0	0
# FAMILY	OG6136605	1	1	1	1	1	1	1	0	0	0	0
# FAMILY	OG6136685	1	1	0	1	1	1	1	0	1	0	0
# FAMILY	OG6136691	1	1	1	1	1	1	1	0	0	0	0
# FAMILY	OG6136695	1	1	1	1	1	1	1	0	0	0	0
# FAMILY	OG6136702	1	1	1	1	1	1	1	0	0	0	0
# FAMILY	OG6136744	1	1	1	1	1	1	1	0	0	0	0
# FAMILY	OG6136756	1	0	1	1	1	1	1	0	1	0	0
# FAMILY	OG6136764	1	1	1	0	1	1	1	0	1	0	0
# FAMILY	OG6136765	1	1	0	1	1	1	1	0	1	0	0
# FAMILY	OG6136806	1	1	1	1	1	1	1	0	0	0	0
# FAMILY	OG6136811	1	1	1	2	1	1	2	0	0	0	1
# FAMILY	OG6137881	1	1	1	1	1	1	1	0	0	0	0
# FAMILY	OG6137882	1	1	1	1	1	1	1	0	0	0	0
# FAMILY	OG6141871	1	1	1	1	1	1	1	0	0	0	0
# FAMILY	OG6141913	1	1	2	1	1	2	2	0	0	0	2
# FAMILY	OG6141938	1	1	1	1	1	1	1	0	0	0	0
# FAMILY	OG6141940	1	1	1	1	1	1	1	0	0	0	0
# FAMILY	OG6141943	1	1	1	1	1	1	1	0	0	0	0
# FAMILY	OG6142078	1	1	1	1	1	1	1	0	0	0	0
# FAMILY	OG6142255	1	1	1	1	1	1	1	0	0	0	0
# FAMILY	OG6142273	1	1	1	0	1	1	1	0	1	0	0
# FAMILY	OG6142298	1	1	1	1	1	1	1	0	0	0	0
# FAMILY	OG6142321	1	1	1	0	1	1	1	0	1	0	0
# FAMILY	OG6142327	1	1	1	1	1	1	1	0	0	0	0
# FAMILY	OG6142381	1	1	1	1	1	1	1	0	0	0	0
# FAMILY	OG6142421	1	1	1	0	1	1	1	0	1	0	0
# FAMILY	OG6142480	1	1	2	1	1	2	2	0	0	0	2
# FAMILY	OG6142484	1	1	1	1	1	1	1	0	0	0	0
# FAMILY	OG6150675	1	1	1	1	1	1	1	0	0	0	0
# FAMILY	OG6150740	1	1	1	1	1	1	1	0	0	0	0
# FAMILY	OG6150742	1	1	1	1	1	1	1	0	0	0	0
# FAMILY	OG6150846	1	1	1	1	1	1	1	0	0	0	0
# FAMILY	OG6150892	1	1	1	1	1	1	1	0	0	0	0
# FAMILY	OG6150894	1	1	1	1	1	1	1	0	0	0	0
# FAMILY	OG6150947	1	1	1	1	1	1	1	0	0	0	0
# FAMILY	OG6151004	1	1	0	1	1	1	1	0	1	0	0
# FAMILY	OG6151074	1	1	1	1	1	1	1	0	0	0	0
# FAMILY	OG6151102	1	1	1	1	1	1	1	0	0	0	0
# FAMILY	OG6151124	1	1	1	1	1	1	1	0	0	0	0
# FAMILY	OG6151144	1	1	1	1	1	1	1	0	0	0	0
# FAMILY	OG6151237	1	1	1	1	1	1	1	0	0	0	0
# FAMILY	OG6151243	1	1	1	1	1	1	1	0	0	0	0
# FAMILY	OG6151341	1	1	1	1	1	1	1	0	0	0	0
# FAMILY	OG6153341	1	1	1	1	1	1	1	0	0	0	0
# FAMILY	OG6162667	1	1	1	0	1	1	1	0	1	0	0
# FAMILY	OG6162719	1	1	0	1	1	1	1	0	1	0	0
# FAMILY	OG6162913	1	1	1	0	1	1	1	0	1	0	0
# FAMILY	OG6162964	1	1	1	1	1	1	1	0	0	0	0
# FAMILY	OG6162974	1	1	1	1	1	1	1	0	0	0	0
# FAMILY	OG6163044	1	1	1	1	1	1	1	0	0	0	0
# FAMILY	OG6163079	1	1	1	1	1	1	1	0	0	0	0
# FAMILY	OG6163097	1	1	0	1	1	1	1	0	1	0	0
# FAMILY	OG6163098	1	1	1	1	1	1	1	0	0	0	0
# FAMILY	OG6163186	0	1	1	1	1	1	1	0	1	0	0
# FAMILY	OG6163200	1	1	1	1	1	1	1	0	0	0	0
# FAMILY	OG6163211	1	1	0	1	1	1	1	0	1	0	0
# FAMILY	OG6163379	1	1	0	1	1	1	1	0	1	0	0
# FAMILY	OG6163440	1	1	1	1	1	1	1	0	0	0	0
# FAMILY	OG6163447	1	1	1	1	1	1	1	0	0	0	0
# FAMILY	OG6163540	1	1	1	1	1	1	1	0	0	0	0
# FAMILY	OG6163597	0	1	1	1	1	1	1	0	1	0	0
# FAMILY	OG6163646	1	1	1	1	1	1	1	0	0	0	0
# FAMILY	OG6163747	1	1	1	1	1	1	1	0	0	0	0
# FAMILY	OG6163783	1	1	1	1	1	1	1	0	0	0	0
# FAMILY	OG6163797	1	1	1	1	1	1	1	0	0	0	0
# FAMILY	OG6163821	1	1	1	1	1	1	1	0	0	0	0
# FAMILY	OG6166633	1	1	1	1	1	1	1	0	0	0	0
# FAMILY	OG6183306	1	1	1	1	1	1	1	0	0	0	0
# FAMILY	OG6183365	1	0	1	1	1	1	1	0	1	0	0
# FAMILY	OG6183605	1	1	1	1	1	1	1	0	0	0	0
# FAMILY	OG6183607	1	1	1	1	1	1	1	0	0	0	0
# FAMILY	OG6183803	1	1	1	1	1	1	1	0	0	0	0
# FAMILY	OG6183943	1	1	1	1	1	1	1	0	0	0	0
# FAMILY	OG6183989	1	1	1	1	1	1	1	0	0	0	0
# FAMILY	OG6184039	1	1	1	1	1	1	1	0	0	0	0
# FAMILY	OG6184055	1	1	1	1	1	1	1	0	0	0	0
# FAMILY	OG6186994	1	1	1	1	1	1	1	0	0	0	0
# FAMILY	OG6187221	1	1	1	1	1	1	1	0	0	0	0
# FAMILY	OG6315421	1	1	1	1	1	1	1	0	0	0	0
# FAMILY	OG6315469	1	1	1	0	1	1	1	0	1	0	0
# FAMILY	OG6315797	1	1	1	1	1	1	1	0	0	0	0
# FAMILY	OG6315872	1	1	1	1	1	1	1	0	0	0	0
# FAMILY	OG6315912	1	1	1	1	1	1	1	0	0	0	0
# FAMILY	OG6315947	1	1	1	1	1	1	1	0	0	0	0
# FAMILY	OG6315967	1	1	1	1	1	1	1	0	0	0	0
# FAMILY	OG6315972	1	1	1	1	1	1	1	0	0	0	0
# FAMILY	OG6316286	1	1	1	0	1	1	1	0	1	0	0
# FAMILY	OG6316299	1	1	1	1	1	1	1	0	0	0	0
# FAMILY	OG6316316	1	1	1	0	1	1	1	0	1	0	0
# FAMILY	OG6316332	1	1	1	0	1	1	1	0	1	0	0
# FAMILY	OG6316334	1	1	0	1	1	1	1	0	1	0	0
# FAMILY	OG6316345	1	1	1	1	1	1	1	0	0	0	0
# FAMILY	OG6316406	1	1	0	1	1	1	1	0	1	0	0
# FAMILY	OG6316440	1	1	1	0	1	1	1	0	1	0	0
# FAMILY	OG6427661	1	1	1	0	1	1	1	0	1	0	0
# FAMILY	OG6r15102977	0	1	1	1	1	1	1	0	1	0	0
# PRESENT	node	genes	families	single-member families
# PRESENT	AnophelesgambiaePEST	564	542	525
# PRESENT	AnophelesfunestusFUMOZ	579	549	523
# PRESENT	AnophelesatroparvusEBRO	577	518	469
# PRESENT	AnophelesalbimanusSTECLA	545	504	468
# PRESENT	node0	588	554	527
# PRESENT	node1	628	554	496
# PRESENT	node2	645	554	481
# CHANGE	node	gene_gain	family_gain	gene_duplications	family_expansions	gene_loss	family_loss
# CHANGE	AnophelesgambiaePEST	0	0	0	0	24	12
# CHANGE	AnophelesfunestusFUMOZ	0	0	0	0	9	5
# CHANGE	AnophelesatroparvusEBRO	0	0	0	0	51	36
# CHANGE	AnophelesalbimanusSTECLA	0	0	0	0	100	50
# CHANGE	node0	0	0	0	0	40	0
# CHANGE	node1	0	0	0	0	17	0
# CHANGE	total	0	0	241	103	// 554	Infinity
