Gurobi 11.0.0 (mac64[arm], gurobi_cl) logging started Thu Dec 28 15:56:19 2023

Set parameter Username
Set parameter LogFile to value "X_2_AsymmetricWagner.family.adjacencies.gurobi.log"
Using license file /Users/ddoerr/.config/gurobi/gurobi.lic
Academic license - for non-commercial use only - expires 2024-12-27

Gurobi Optimizer version 11.0.0 build v11.0.0rc2 (mac64[arm] - Darwin 23.2.0 23C64)
Copyright (c) 2023, Gurobi Optimization, LLC

Warning: row 159451 (name "") contains 1 repeated variable(s) in constraints, grouped them, 0 cancellation
Warning: row 159498 (name "") contains 1 repeated variable(s) in constraints, grouped them, 0 cancellation
Warning: row 159668 (name "") contains 1 repeated variable(s) in constraints, grouped them, 0 cancellation
Warning: row 159949 (name "") contains 1 repeated variable(s) in constraints, grouped them, 0 cancellation
Warning: row 160240 (name "") contains 1 repeated variable(s) in constraints, grouped them, 0 cancellation
Warning: row 160325 (name "") contains 1 repeated variable(s) in constraints, grouped them, 0 cancellation
Warning: lp file contains 6 repeated variable(s) in constraints, grouped them, 0 cancellation
Read LP format model from file X_2_AsymmetricWagner.family.adjacencies.ilp
Reading time = 0.16 seconds
: 163449 rows, 85941 columns, 433724 nonzeros

CPU model: Apple M2
Thread count: 8 physical cores, 8 logical processors, using up to 8 threads

Optimize a model with 163449 rows, 85941 columns and 433724 nonzeros
Model fingerprint: 0xc17edf84
Variable types: 0 continuous, 85941 integer (71758 binary)
Coefficient statistics:
  Matrix range     [1e+00, 8e+03]
  Objective range  [2e-01, 5e-01]
  Bounds range     [1e+00, 8e+03]
  RHS range        [1e+00, 8e+03]
Presolve removed 139262 rows and 74786 columns
Presolve time: 0.43s
Presolved: 24187 rows, 11155 columns, 76502 nonzeros
Variable types: 0 continuous, 11155 integer (8928 binary)

Root relaxation: objective 3.276984e+03, 6283 iterations, 0.16 seconds (0.24 work units)

    Nodes    |    Current Node    |     Objective Bounds      |     Work
 Expl Unexpl |  Obj  Depth IntInf | Incumbent    BestBd   Gap | It/Node Time

     0     0 3276.98441    0 2522          - 3276.98441      -     -    0s
H    0     0                    1598.8270000 3276.74817   105%     -    1s
     0     0 3192.24572    0 2942 1598.82700 3192.24572   100%     -    1s
H    0     0                    2638.0810000 3192.23195  21.0%     -    1s
H    0     0                    2818.2510000 3192.23195  13.3%     -    1s
     0     0 3136.16478    0 2734 2818.25100 3136.16478  11.3%     -    2s
     0     0 3131.32134    0 2774 2818.25100 3131.32134  11.1%     -    2s
     0     0 3130.89180    0 2742 2818.25100 3130.89180  11.1%     -    2s
     0     0 3130.81081    0 2645 2818.25100 3130.81081  11.1%     -    2s
     0     0 3130.80369    0 2716 2818.25100 3130.80369  11.1%     -    2s
     0     0 3122.96081    0 2814 2818.25100 3122.96081  10.8%     -    3s
     0     0 3122.61358    0 2708 2818.25100 3122.61358  10.8%     -    3s
     0     0 3122.49455    0 2789 2818.25100 3122.49455  10.8%     -    3s
     0     0 3122.48628    0 2776 2818.25100 3122.48628  10.8%     -    3s
     0     0 3116.17303    0 2653 2818.25100 3116.17303  10.6%     -    4s
H    0     0                    2859.4190000 3116.17303  8.98%     -    4s
     0     0 3115.52252    0 2668 2859.41900 3115.52252  8.96%     -    4s
     0     0 3115.22785    0 2680 2859.41900 3115.22785  8.95%     -    4s
     0     0 3115.19396    0 2719 2859.41900 3115.19396  8.94%     -    4s
     0     0 3113.23726    0 2595 2859.41900 3113.23726  8.88%     -    4s
H    0     0                    2859.9190000 3113.23726  8.86%     -    4s
     0     0 3112.92906    0 2629 2859.91900 3112.92906  8.85%     -    4s
     0     0 3112.88970    0 2761 2859.91900 3112.88970  8.85%     -    5s
     0     0 3112.38131    0 2681 2859.91900 3112.38131  8.83%     -    5s
H    0     0                    2871.9190000 3112.38131  8.37%     -    5s
     0     0 3112.32416    0 2713 2871.91900 3112.32416  8.37%     -    5s
     0     0 3112.23537    0 2752 2871.91900 3112.23537  8.37%     -    5s
     0     0 3112.23366    0 2792 2871.91900 3112.23366  8.37%     -    5s
H    0     0                    3034.1320000 3112.18200  2.57%     -    5s
H    0     0                    3053.3000000 3112.18200  1.93%     -    5s
     0     0 3112.18200    0 2742 3053.30000 3112.18200  1.93%     -    5s
     0     0 3112.18200    0 2409 3053.30000 3112.18200  1.93%     -    6s
H    0     0                    3060.8000000 3112.18200  1.68%     -    6s
H    0     0                    3061.3000000 3112.18200  1.66%     -    6s
H    0     0                    3062.3000000 3112.18067  1.63%     -    6s
H    0     2                    3063.3010000 3112.18067  1.60%     -    7s
     0     2 3112.18067    0 2294 3063.30100 3112.18067  1.60%     -    7s
H   31    40                    3064.3010000 3110.98747  1.52%  1164    8s
H   38    40                    3064.8010000 3110.98747  1.51%  1021    8s
H   66    75                    3065.8010000 3110.98747  1.47%   767    9s
    95   107 3109.06672   10 2237 3065.80100 3110.98747  1.47%   642   10s
H  255   264                    3066.3010000 3110.98747  1.46%   416   12s
H  287   303                    3066.8010000 3110.98747  1.44%   394   12s
H  355   363                    3067.1300000 3110.98747  1.43%   358   13s
H  404   408                    3067.6300000 3110.98747  1.41%   332   14s
   451   490 3103.61522   40 2021 3067.63000 3110.98747  1.41%   312   15s
  1216  1208 3085.33566  107 1544 3067.63000 3110.98747  1.41%   212   20s
H 1383  1243                    3069.7990000 3110.98747  1.34%   204   23s
H 1386  1256                    3070.6350000 3110.98747  1.31%   204   25s
H 1401  1228                    3071.1350000 3110.98747  1.30%   202   25s
  1759  1447 3072.39463   64 3278 3071.13500 3110.74700  1.29%   196   31s
  1763  1450 3083.58996  127 3000 3071.13500 3109.70672  1.26%   196   35s
  1774  1457 3098.19543   38 2907 3071.13500 3105.47016  1.12%   195   40s
  1786  1465 3084.22207   49 3320 3071.13500 3103.73157  1.06%   193   45s
  1795  1471 3090.11514   72 2837 3071.13500 3102.54972  1.02%   192   50s
  1805  1478 3082.76589   68 2918 3071.13500 3102.18612  1.01%   191   55s
H 1812  1408                    3074.4700000 3101.94038  0.89%   190   59s
H 1813  1337                    3076.9700000 3101.78045  0.81%   190   60s
H 1822  1275                    3080.1420000 3101.48736  0.69%   189   64s
  1824  1277 3101.40718   29 2749 3080.14200 3101.40718  0.69%   189   65s
  1832  1282 3080.14200   73 2838 3080.14200 3101.28646  0.69%   188   70s
  1842  1289 3098.78707   22 2910 3080.14200 3101.14310  0.68%   187   75s
  1852  1297 3101.09929   28 3185 3080.14200 3101.09929  0.68%   302   81s
  1858  1301 3090.87208   83 2913 3080.14200 3100.99335  0.68%   301   85s
  1869  1308 3080.14200  116 2767 3080.14200 3100.53353  0.66%   299   90s
  1879  1315 3100.03619   12 2799 3080.14200 3100.03619  0.65%   297   95s
  1891  1323 3084.24981  119 2758 3080.14200 3099.42489  0.63%   296  100s
  1900  1329 3082.89040  133 2686 3080.14200 3099.21221  0.62%   294  105s
  1910  1336 3098.89955   26 2414 3080.14200 3098.89955  0.61%   293  110s
H 1911  1268                    3082.8110000 3098.89650  0.52%   292  111s
H 1913  1205                    3083.3110000 3098.89466  0.51%   292  114s
  1915  1209 3098.75948   30 2391 3083.31100 3098.89000  0.51%   363  115s
  1977  1259 3097.68905   36 2475 3083.31100 3098.03147  0.48%   403  120s
H 1991  1202                    3083.8110000 3098.03147  0.46%   407  121s
  2027  1229 3097.13437   39 2466 3083.81100 3098.03147  0.46%   420  125s
  2111  1288 3096.83861   44 2682 3083.81100 3098.03147  0.46%   451  130s
  2262  1372 3085.38375   51 2565 3083.81100 3098.03147  0.46%   480  135s
  2485  1471 3091.93358   61 1797 3083.81100 3098.03147  0.46%   488  141s
  2710  1600 3086.27530   80 1305 3083.81100 3098.03147  0.46%   475  145s
  3136  1713 3093.22732   46 2200 3083.81100 3097.97676  0.46%   437  152s
  3362  1908 3091.63431   56 1968 3083.81100 3097.97676  0.46%   421  155s
  3812  2123 3086.13921   89  881 3083.81100 3097.78157  0.45%   398  160s
  4172  2270 3094.62692   49 2264 3083.81100 3097.78157  0.45%   393  166s
  4378  2369 3089.77580   70 1356 3083.81100 3097.78157  0.45%   395  171s
  4557  2400 3095.90511   39 2603 3083.81100 3097.77337  0.45%   396  175s
  4912  2593 3097.08406   36 2533 3083.81100 3097.44210  0.44%   393  185s
  5455  2861 3095.98140   37 2690 3083.81100 3097.23218  0.44%   378  192s
  5684  3098 3091.09171   53 1779 3083.81100 3097.17134  0.43%   377  197s
  5878  3175 3095.16837   39 2724 3083.81100 3097.17134  0.43%   375  200s
  6161  3457 3096.78039   38 2241 3083.81100 3097.12360  0.43%   374  206s
  6575  3729 3095.47895   40 2724 3083.81100 3097.08713  0.43%   371  212s
  6698  3859 3094.65633   44 2483 3083.81100 3097.08713  0.43%   375  216s
  7016  4082 3092.97924   53 2340 3083.81100 3097.08713  0.43%   381  223s
  7140  4132 3092.58573   55 2256 3083.81100 3097.08713  0.43%   381  227s
  7206  4300 3092.45087   58 2276 3083.81100 3097.08713  0.43%   383  231s
  7449  4453 3087.41662   70 1602 3083.81100 3096.86331  0.42%   381  235s
  7670  4621 3094.18583   40 2430 3083.81100 3096.86331  0.42%   382  240s
  7923  4737 3085.91198   56 2066 3083.81100 3096.72424  0.42%   382  245s
  8296  5111 3090.42277   59 2093 3083.81100 3096.70033  0.42%   385  255s
  8617  5385 3090.20603   42 2356 3083.81100 3096.63814  0.42%   383  260s
  8941  5597 3084.57360   65 2292 3083.81100 3096.62015  0.42%   382  265s
  9257  5904 3093.29384   52 1953 3083.81100 3096.56464  0.41%   380  271s
  9629  6104 3087.79794   81 1146 3083.81100 3096.50462  0.41%   376  277s
  9898  6381 3086.59393   54 2281 3083.81100 3096.49154  0.41%   377  283s
 10281  6627 3091.03155   54 2159 3083.81100 3096.41218  0.41%   376  290s
 10613  7001 3091.86843   66 1342 3083.81100 3096.36533  0.41%   375  298s
 11114  7354 3094.30152   45 2125 3083.81100 3096.30837  0.41%   371  307s
 11612  7608 3091.46456   44 2397 3083.81100 3096.24260  0.40%   369  317s
 12118  7825 3093.41131   50 2486 3083.81100 3096.21165  0.40%   370  327s
 12456  8202 3091.49293   58 1767 3083.81100 3096.20708  0.40%   376  340s
 12985  8571 3093.42758   42 2666 3083.81100 3096.17283  0.40%   375  351s
 13488  9086 3092.16846   66 1895 3083.81100 3096.15721  0.40%   374  363s
 14147  9442 3091.08967   41 2214 3083.81100 3096.10888  0.40%   370  376s
 14652  8970 3084.71399   76 2409 3083.81100 3096.06213  0.40%   371  388s
 14655  8972 3091.60179   49 2942 3083.81100 3096.06213  0.40%   371  392s
 14656  8973 3085.55163  101 2752 3083.81100 3096.06213  0.40%   371  395s
 14664  8978 3088.78459   57 2916 3083.81100 3096.06213  0.40%   371  400s
 14671  8983 3088.29260  115 2356 3083.81100 3096.06213  0.40%   371  405s
 14677  8987 3084.64867  119 2540 3083.81100 3096.06213  0.40%   371  410s
 14683  8991 3086.24282  103 2341 3083.81100 3096.06213  0.40%   371  416s
 14691  9003 3096.06213   41 2110 3083.81100 3096.06213  0.40%   377  420s
 14722  9025 3096.06213   44 2165 3083.81100 3096.06213  0.40%   380  425s
 14763  9052 3095.73148   46 2119 3083.81100 3096.06213  0.40%   383  430s
 14787  9068 3096.06213   48 2660 3083.81100 3096.06213  0.40%   384  435s
 14816  9087 3094.97883   49 2313 3083.81100 3096.06213  0.40%   386  440s
 14861  9122 3095.24471   52 2591 3083.81100 3096.06213  0.40%   389  446s
 14900  9151 3094.45267   55 2667 3083.81100 3096.06213  0.40%   391  450s
 14947  9184 3094.23785   58 2406 3083.81100 3096.06213  0.40%   393  455s
 15013  9224 3088.11559   61 2573 3083.81100 3096.06213  0.40%   395  461s
 15088  9248 3093.50395   65 2229 3083.81100 3096.06213  0.40%   397  467s
 15137  9249 3093.36302   68 1694 3083.81100 3096.06213  0.40%   398  475s
 15246  9313 3092.92342   73 2003 3083.81100 3096.06213  0.40%   399  482s
 15303  9308 3092.59304   75 1627 3083.81100 3096.06213  0.40%   399  486s
 15384  9359 3092.33737   79 1600 3083.81100 3096.06213  0.40%   400  491s
 15525  9426 3090.18813   89 1298 3083.81100 3096.06213  0.40%   400  497s
 15682  9551 3088.51722  102 1336 3083.81100 3096.06213  0.40%   400  502s
 15788  9586 3087.26081  113 1155 3083.81100 3096.06213  0.40%   399  505s
 15985  9632 3096.06213   45 2063 3083.81100 3096.06213  0.40%   398  511s
 16094  9674 3094.85782   52 2117 3083.81100 3096.06213  0.40%   399  517s
 16151  9712 3093.26424   58 1997 3083.81100 3096.06213  0.40%   400  521s
 16224  9748 3092.23370   62 2059 3083.81100 3096.06213  0.40%   401  525s
 16405  9795 3087.65553   79  895 3083.81100 3096.06213  0.40%   402  533s
 16471  9831 3086.05183   87  731 3083.81100 3096.06213  0.40%   403  537s
 16550  9834 3084.78360   92  782 3083.81100 3096.06213  0.40%   403  542s
 16592  9857 3084.22669   95  814 3083.81100 3096.06213  0.40%   403  546s
 16644  9881 3093.00852   47 2249 3083.81100 3096.06213  0.40%   405  551s
 16716  9889 3091.52092   52 2053 3083.81100 3096.06213  0.40%   405  563s
 16758  9920 3089.89575   57 2192 3083.81100 3096.06213  0.40%   406  568s
 16824  9940 3087.61842   63 2205 3083.81100 3096.06213  0.40%   408  573s
 16887  9970 3084.99737   71 2155 3083.81100 3096.06213  0.40%   409  580s
 16954 10014 3095.23308   47 2284 3083.81100 3096.06213  0.40%   410  586s
 17045 10028 3093.43088   53 2248 3083.81100 3096.06213  0.40%   410  591s

Cutting planes:
  Learned: 420
  Gomory: 67
  Cover: 414
  Implied bound: 310
  Projected implied bound: 56
  Clique: 71
  MIR: 340
  Mixing: 4
  StrongCG: 192
  Flow cover: 1207
  GUB cover: 12
  Inf proof: 2
  Zero half: 225
  Mod-K: 1
  Network: 3
  RLT: 494
  Relax-and-lift: 173
  BQP: 202
  PSD: 3

Explored 17123 nodes (7081032 simplex iterations) in 591.09 seconds (856.77 work units)
Thread count was 8 (of 8 available processors)

Solution count 10: 3083.81 3083.31 3082.81 ... 3070.63

Solve interrupted
Best objective 3.083811000000e+03, best bound 3.096062000000e+03, gap 0.3973%

Wrote result file 'X_2_AsymmetricWagner.family.adjacencies.sol'

