INFO	2023-12-28 15:56:18,779	loading species tree from species_tree_4.tsv
INFO	2023-12-28 15:56:18,779	loading candidate adjacencies from adjacencies.txt, using "_" to separate gene family from uniquifying identifier
INFO	2023-12-28 15:56:18,788	identified 2 candidate telomeres in genome node2
INFO	2023-12-28 15:56:18,788	identified 2 candidate telomeres in genome node1
INFO	2023-12-28 15:56:18,788	identified 2 candidate telomeres in genome node0
INFO	2023-12-28 15:56:18,788	identified 2 candidate telomeres in genome AnophelesgambiaePEST
INFO	2023-12-28 15:56:18,788	identified 2 candidate telomeres in genome AnophelesfunestusFUMOZ
INFO	2023-12-28 15:56:18,789	identified 2 candidate telomeres in genome AnophelesatroparvusEBRO
INFO	2023-12-28 15:56:18,789	identified 2 candidate telomeres in genome AnophelesalbimanusSTECLA
INFO	2023-12-28 15:56:18,793	constructing relational diagrams for all 6 branches of the tree
INFO	2023-12-28 15:56:19,410	identified 13 circular singleton candidates
INFO	2023-12-28 15:56:19,415	identified 41 circular singleton candidates
INFO	2023-12-28 15:56:19,417	identified 5 circular singleton candidates
INFO	2023-12-28 15:56:19,418	identified 0 circular singleton candidates
INFO	2023-12-28 15:56:19,421	identified 1 circular singleton candidates
INFO	2023-12-28 15:56:19,422	identified 0 circular singleton candidates
INFO	2023-12-28 15:56:19,423	writing objective over all graphs
INFO	2023-12-28 15:56:19,460	writing constraints...
INFO	2023-12-28 15:56:19,460	writing constraints for relational diagram of AnophelesalbimanusSTECLA and node2
INFO	2023-12-28 15:56:19,490	writing constraints for relational diagram of AnophelesatroparvusEBRO and node1
INFO	2023-12-28 15:56:19,524	writing constraints for relational diagram of AnophelesfunestusFUMOZ and node0
INFO	2023-12-28 15:56:19,556	writing constraints for relational diagram of AnophelesgambiaePEST and node0
INFO	2023-12-28 15:56:19,589	writing constraints for relational diagram of node0 and node1
INFO	2023-12-28 15:56:19,634	writing constraints for relational diagram of node1 and node2
INFO	2023-12-28 15:56:19,677	writing domains...
INFO	2023-12-28 15:56:19,677	writing domains for relational diagram of AnophelesalbimanusSTECLA and node2
INFO	2023-12-28 15:56:19,678	writing domains for relational diagram of AnophelesatroparvusEBRO and node1
INFO	2023-12-28 15:56:19,679	writing domains for relational diagram of AnophelesfunestusFUMOZ and node0
INFO	2023-12-28 15:56:19,679	writing domains for relational diagram of AnophelesgambiaePEST and node0
INFO	2023-12-28 15:56:19,680	writing domains for relational diagram of node0 and node1
INFO	2023-12-28 15:56:19,680	writing domains for relational diagram of node1 and node2
INFO	2023-12-28 15:56:19,681	writing variables...
INFO	2023-12-28 15:56:19,681	writing general variables for relational diagram of AnophelesalbimanusSTECLA and node2
INFO	2023-12-28 15:56:19,681	writing general variables for relational diagram of AnophelesatroparvusEBRO and node1
INFO	2023-12-28 15:56:19,682	writing general variables for relational diagram of AnophelesfunestusFUMOZ and node0
INFO	2023-12-28 15:56:19,682	writing general variables for relational diagram of AnophelesgambiaePEST and node0
INFO	2023-12-28 15:56:19,683	writing general variables for relational diagram of node0 and node1
INFO	2023-12-28 15:56:19,683	writing general variables for relational diagram of node1 and node2
INFO	2023-12-28 15:56:19,684	writing binary variables for relational diagram of AnophelesalbimanusSTECLA and node2
INFO	2023-12-28 15:56:19,689	writing binary variables for relational diagram of AnophelesatroparvusEBRO and node1
INFO	2023-12-28 15:56:19,694	writing binary variables for relational diagram of AnophelesfunestusFUMOZ and node0
INFO	2023-12-28 15:56:19,699	writing binary variables for relational diagram of AnophelesgambiaePEST and node0
INFO	2023-12-28 15:56:19,704	writing binary variables for relational diagram of node0 and node1
INFO	2023-12-28 15:56:19,709	writing binary variables for relational diagram of node1 and node2
INFO	2023-12-28 15:56:19,718	writing ID-to-gene extremity mapping to X_2_AsymmetricWagner.family.adjacencies.idmap
INFO	2023-12-28 15:56:19,731	DONE
