
Gurobi 9.5.1 (linux64, gurobi_cl) logging started Mon Jan 15 23:12:38 2024

Set parameter ServerPassword
Set parameter CSQueueTimeout to value 120
Set parameter CSIdleTimeout to value 60
Set parameter ServerTimeout to value 10
Set parameter GURO_PAR_SPECIAL
Set parameter TokenServer to value "hpc-license-1"
Set parameter LogFile to value "X_3_AsymmetricWagner.family.adjacencies.gurobi.log"
Set parameter Threads to value 30
Using license file /software/gurobi/9.5.1//gurobi_user.lic

Gurobi Optimizer version 9.5.1 build v9.5.1rc2 (linux64)
Copyright (c) 2022, Gurobi Optimization, LLC

Warning: row 154754 (name "") contains 1 repeated variable(s) in constraints, grouped them, 0 cancellation
Warning: row 155188 (name "") contains 1 repeated variable(s) in constraints, grouped them, 0 cancellation
Warning: row 155201 (name "") contains 1 repeated variable(s) in constraints, grouped them, 0 cancellation
Warning: row 155214 (name "") contains 1 repeated variable(s) in constraints, grouped them, 0 cancellation
Warning: row 155355 (name "") contains 1 repeated variable(s) in constraints, grouped them, 0 cancellation
Warning: row 155458 (name "") contains 1 repeated variable(s) in constraints, grouped them, 0 cancellation
Warning: lp file contains 6 repeated variable(s) in constraints, grouped them, 0 cancellation
Read LP format model from file X_3_AsymmetricWagner.family.adjacencies.ilp
Reading time = 0.25 seconds
: 158515 rows, 83004 columns, 422697 nonzeros
Thread count: 32 physical cores, 32 logical processors, using up to 30 threads
Optimize a model with 158515 rows, 83004 columns and 422697 nonzeros
Model fingerprint: 0x032714b3
Variable types: 0 continuous, 83004 integer (69399 binary)
Coefficient statistics:
  Matrix range     [1e+00, 8e+03]
  Objective range  [2e-01, 5e-01]
  Bounds range     [1e+00, 8e+03]
  RHS range        [1e+00, 8e+03]
Presolve removed 128143 rows and 69244 columns
Presolve time: 0.84s
Presolved: 30372 rows, 13760 columns, 96928 nonzeros
Variable types: 0 continuous, 13760 integer (11046 binary)

Root relaxation: objective 3.256525e+03, 7325 iterations, 0.41 seconds (0.47 work units)

    Nodes    |    Current Node    |     Objective Bounds      |     Work
 Expl Unexpl |  Obj  Depth IntInf | Incumbent    BestBd   Gap | It/Node Time

     0     0 3256.52501    0 2803          - 3256.52501      -     -    2s
     0     0 3158.14351    0 3123          - 3158.14351      -     -    4s
     0     0 3102.43077    0 2988          - 3102.43077      -     -    6s
     0     0 3099.67252    0 2937          - 3099.67252      -     -    7s
     0     0 3099.05395    0 3085          - 3099.05395      -     -    7s
     0     0 3099.00468    0 3104          - 3099.00468      -     -    7s
     0     0 3099.00136    0 3079          - 3099.00136      -     -    7s
     0     0 3081.00567    0 2774          - 3081.00567      -     -    9s
     0     0 3079.55340    0 2659          - 3079.55340      -     -   10s
     0     0 3078.85156    0 2762          - 3078.85156      -     -   11s
     0     0 3078.78603    0 2758          - 3078.78603      -     -   11s
     0     0 3078.74927    0 3080          - 3078.74927      -     -   11s
     0     0 3071.35304    0 2825          - 3071.35304      -     -   14s
     0     0 3071.00881    0 2843          - 3071.00881      -     -   14s
     0     0 3070.90893    0 2848          - 3070.90893      -     -   15s
     0     0 3070.88482    0 2853          - 3070.88482      -     -   15s
     0     0 3069.13435    0 2694          - 3069.13435      -     -   16s
     0     0 3068.86080    0 2978          - 3068.86080      -     -   16s
     0     0 3068.82691    0 2968          - 3068.82691      -     -   17s
     0     0 3068.17373    0 2869          - 3068.17373      -     -   17s
     0     0 3068.02663    0 2787          - 3068.02663      -     -   18s
     0     0 3068.00304    0 2773          - 3068.00304      -     -   18s
     0     0 3067.81263    0 2805          - 3067.81263      -     -   18s
     0     0 3067.72634    0 2835          - 3067.72634      -     -   19s
     0     0 3067.71443    0 2882          - 3067.71443      -     -   19s
     0     0 3067.60200    0 2707          - 3067.60200      -     -   19s
H    0     0                    1063.5330000 3067.60200   188%     -   19s
     0     0 3067.60200    0 2379 1063.53300 3067.60200   188%     -   20s
H    0     0                    3009.1730000 3067.60200  1.94%     -   23s
H    0     0                    3017.5050000 3067.29190  1.65%     -   23s
H    0     2                    3019.0050000 3067.29190  1.60%     -   24s
     0     2 3067.29190    0 2293 3019.00500 3067.29190  1.60%     -   24s
     3     8 3067.29190    2 2667 3019.00500 3067.29190  1.60%  1216   25s
H   31    62                    3020.5050000 3067.26887  1.55%  1454   28s
H   32    62                    3022.6730000 3067.26520  1.48%  1452   28s
    91   122 3066.50535    7 2577 3022.67300 3067.08189  1.47%  1425   30s
H  117   122                    3023.1730000 3067.08189  1.45%  1242   30s
H  151   182                    3023.6730000 3067.08189  1.44%  1097   37s
H  175   182                    3024.1730000 3067.08189  1.42%  1049   37s
   218   249 3065.71106   11 2720 3024.17300 3067.08189  1.42%   938   69s
H  223   249                    3024.6730000 3067.08189  1.40%   930   69s
   297   350 3065.36428   13 2468 3024.67300 3067.08189  1.40%   814   70s
   606   655 3062.47416   20 2616 3024.67300 3067.08189  1.40%   604   75s
  1060  1105 3059.90062   33 2349 3024.67300 3067.08189  1.40%   508   81s
  1559  1643 3058.53329   40 2353 3024.67300 3067.08189  1.40%   452   85s
  2007  2096 3057.14238   44 2563 3024.67300 3067.08189  1.40%   431   90s
  2612  2778 3054.86431   56 2278 3024.67300 3067.08189  1.40%   401   95s
  3332  3230 3051.23480   67 2329 3024.67300 3067.08189  1.40%   367  105s
  3839  3847 3047.35307   72 2350 3024.67300 3067.08189  1.40%   356  110s
  4475  4497 3044.29737   89 2191 3024.67300 3067.08189  1.40%   354  115s
  5177  5122 3039.27180  109 1755 3024.67300 3067.08189  1.40%   351  121s
  5410  5124 3045.10103   80 3403 3024.67300 3067.08189  1.40%   352  129s
  5411  5125 3049.22349   38 3115 3024.67300 3067.08189  1.40%   352  137s
  5412  5126 3053.70430   23 3260 3024.67300 3066.75341  1.39%   352  141s
  5418  5130 3033.14020   38 2888 3024.67300 3065.21275  1.34%   352  145s
  5419  5130 3053.67754   52 2581 3024.67300 3061.85050  1.23%   352  150s
  5424  5134 3031.92860   28 2548 3024.67300 3060.59960  1.19%   351  155s
  5428  5136 3059.63892   22 2667 3024.67300 3059.63892  1.16%   351  161s
  5433  5140 3054.46068   20 2704 3024.67300 3059.24966  1.14%   351  165s
  5439  5144 3026.10530   57 2854 3024.67300 3058.62917  1.12%   350  170s
  5444  5147 3030.33196  101 2939 3024.67300 3058.20853  1.11%   350  175s
  5452  5152 3052.63420   26 2939 3024.67300 3057.84646  1.10%   349  180s
  5457  5156 3052.60390   57 2753 3024.67300 3057.67970  1.09%   349  185s
  5464  5160 3035.62894   22 3002 3024.67300 3057.45847  1.08%   349  190s
  5468  5163 3045.26338   47 2892 3024.67300 3057.27184  1.08%   348  195s
  5475  5168 3035.43369   49 2823 3024.67300 3057.08505  1.07%   348  200s
  5479  5170 3044.90443   50 2643 3024.67300 3056.74618  1.06%   348  205s
  5485  5174 3056.14819   12 2708 3024.67300 3056.14819  1.04%   347  211s
  5491  5178 3056.07226   16 2852 3024.67300 3056.07226  1.04%   347  215s
  5499  5184 3056.00180   39 2960 3024.67300 3056.00180  1.04%   346  220s
  5508  5190 3055.89565   27 2917 3024.67300 3055.89565  1.03%   346  225s
  5516  5195 3040.89111   99 3015 3024.67300 3055.81421  1.03%   345  230s
  5523  5200 3055.77221   20 2613 3024.67300 3055.77221  1.03%   345  235s
  5528  5203 3055.74645   22 2954 3024.67300 3055.74645  1.03%   345  240s
  5533  5207 3054.46068   20 3406 3024.67300 3055.74645  1.03%   384  245s
  5534  5208 3040.66512  102 3250 3024.67300 3055.74645  1.03%   384  255s
  5535  5209 3034.72651   28 3239 3024.67300 3055.74645  1.03%   384  261s
  5537  5210 3055.74645   58 2860 3024.67300 3055.74645  1.03%   384  266s
  5544  5215 3030.33196  101 3114 3024.67300 3055.73756  1.03%   384  270s
  5547  5217 3030.41465  119 3263 3024.67300 3055.27478  1.01%   383  275s
  5551  5219 3040.11218  104 2743 3024.67300 3054.91543  1.00%   383  280s
  5556  5223 3046.68045   88 3008 3024.67300 3054.68672  0.99%   383  285s
  5562  5227 3054.57695   22 2970 3024.67300 3054.57695  0.99%   382  290s
  5568  5231 3045.26338   47 2878 3024.67300 3054.27622  0.98%   382  296s
  5572  5233 3054.13063   17 2729 3024.67300 3054.13063  0.97%   382  300s
  5578  5237 3026.43011  124 2967 3024.67300 3053.95831  0.97%   381  305s
  5583  5241 3053.27003   19 2863 3024.67300 3053.27003  0.95%   381  310s
  5590  5245 3053.12206   34 3009 3024.67300 3053.12206  0.94%   380  315s
  5595  5249 3029.92729   92 2743 3024.67300 3053.07877  0.94%   380  321s
  5599  5251 3052.92731   39 2876 3024.67300 3052.92731  0.93%   380  325s
  5604  5255 3033.66947   71 3240 3024.67300 3052.80057  0.93%   379  330s
  5610  5259 3045.10103   80 2508 3024.67300 3052.56371  0.92%   379  335s
  5617  5263 3027.94087   42 2861 3024.67300 3052.45160  0.92%   379  340s
  5625  5269 3027.58332  119 3059 3024.67300 3052.39955  0.92%   378  345s
  5630  5272 3043.31708   94 2832 3024.67300 3052.37425  0.92%   378  350s
  5635  5275 3034.72651   28 2834 3024.67300 3052.36343  0.92%   377  355s
  5641  5280 3030.08611  121 3489 3024.67300 3052.35970  0.92%   420  363s
  5642  5281 3052.35970   62 3247 3024.67300 3052.35970  0.92%   420  372s
  5643  5282 3052.05469   77 3250 3024.67300 3052.35970  0.92%   419  380s
  5645  5283 3052.35970   30 3173 3024.67300 3052.35970  0.92%   419  386s
  5649  5286 3050.63494   28 3611 3024.67300 3052.33715  0.91%   419  390s
  5654  5289 3052.29912   27 3017 3024.67300 3052.29912  0.91%   419  395s
  5658  5292 3026.60460   85 3097 3024.67300 3052.27927  0.91%   418  400s
  5664  5296 3035.62894   22 2770 3024.67300 3052.08217  0.91%   418  407s
  5667  5298 3050.32344   60 3006 3024.67300 3052.03072  0.90%   418  410s
  5672  5301 3051.93281   17 2948 3024.67300 3051.93281  0.90%   417  416s
  5676  5304 3025.96830  103 3136 3024.67300 3051.85801  0.90%   417  420s
  5681  5307 3043.38061  115 2934 3024.67300 3051.82969  0.90%   417  426s
  5684  5309 3026.47331  185 3124 3024.67300 3051.82829  0.90%   416  430s
  5689  5312 3051.77119    6 2876 3024.67300 3051.77119  0.90%   416  435s
  5694  5316 3039.20980   58 2797 3024.67300 3051.74210  0.89%   416  441s
  5698  5318 3040.39977   28 2900 3024.67300 3051.74202  0.89%   415  445s
  5703  5327 3051.60704   36 2721 3024.67300 3051.66696  0.89%   114  451s
  5715  5347 3051.42406   38 2969 3024.67300 3051.57311  0.89%   118  456s
  5731  5371 3051.32438   39 2833 3024.67300 3051.44804  0.89%   125  460s
  5791  5411 3051.23476   40 3024 3024.67300 3051.36077  0.88%   156  465s
  5851  5451 3050.67913   41 3024 3024.67300 3051.23563  0.88%   178  472s
  5912  5497 3050.91266   42 3136 3024.67300 3051.18233  0.88%   203  477s
  5947  5525 3050.99647   43 3088 3024.67300 3051.18233  0.88%   215  480s
  6022  5570 3050.26712   44 3335 3024.67300 3051.18233  0.88%   236  486s
  6097  5628 3050.82714   46 3111 3024.67300 3051.18233  0.88%   254  491s
  6182  5688 3050.76798   47 3233 3024.67300 3051.18233  0.88%   272  497s
  6228  5719 3050.75226   48 2907 3024.67300 3051.18233  0.88%   283  502s
  6274  5749 3050.74304   49 2861 3024.67300 3051.18233  0.88%   297  506s
  6366  5810 3050.66212   51 2890 3024.67300 3051.18233  0.88%   323  513s
  6411  5853 3050.66193   52 2920 3024.67300 3051.18233  0.88%   335  517s
  6469  5886 3050.57603   53 3332 3024.67300 3051.18233  0.88%   349  523s
  6522  5945 3050.12032   53 2841 3024.67300 3051.18233  0.88%   362  527s
  6598  5987 3050.57206   54 3102 3024.67300 3051.18233  0.88%   372  531s
  6666  6034 3050.56095   55 3017 3024.67300 3051.18233  0.88%   381  536s
  6735  6082 3050.48174   56 3520 3024.67300 3051.18233  0.88%   398  544s
  6806  6122 3049.78372   57 3263 3024.67300 3051.18233  0.88%   413  548s
  6870  6195 3050.46880   59 3756 3024.67300 3051.18233  0.88%   428  555s
  6964  6230 3050.45573   60 3508 3024.67300 3051.18233  0.88%   444  563s
  7031  6270 3050.42892   61 3778 3024.67300 3051.18233  0.88%   459  574s
  7093  6333 3050.37244   62 3782 3024.67300 3051.18233  0.88%   476  582s
  7177  6385 3050.36341   63 3679 3024.67300 3051.18233  0.88%   491  591s
  7257  6439 3050.19892   64 3664 3024.67300 3051.18233  0.88%   503  599s
  7337  6493 3050.19153   65 3347 3024.67300 3051.18233  0.88%   519  611s
  7418  6564 3050.09138   66 3301 3024.67300 3051.18233  0.88%   538  618s
  7516  6624 3047.22589   68 3291 3024.67300 3051.18233  0.88%   554  627s
  7609  6693 3049.96741   69 3592 3024.67300 3051.18233  0.88%   573  637s
  7709  6782 3049.63122   71 3368 3024.67300 3051.18233  0.88%   592  645s
  7831  6848 3047.03857   72 3183 3024.67300 3051.18233  0.88%   612  654s
  7938  6975 3039.34792   73 3485 3024.67300 3051.18233  0.88%   633  662s
  8100  7070 3049.16994   74 3220 3024.67300 3051.18233  0.88%   647  670s
  8249  7146 3048.17749   75 3149 3024.67300 3051.18233  0.88%   668  679s
  8375  7236 3048.94982   76 3211 3024.67300 3051.18233  0.88%   687  688s
  8507  7307 3047.14130   78 3175 3024.67300 3051.18233  0.88%   714  700s
  8622  7442 3046.80265   79 2938 3024.67300 3051.18233  0.88%   738  709s
  8795  7573 3046.64984   82 2619 3024.67300 3051.18233  0.88%   760  721s
  8985  7684 3045.88884   85 3074 3024.67300 3051.18233  0.88%   779  736s
  9161  7864 3044.00440   87 2769 3024.67300 3051.18233  0.88%   788  747s
  9410  8003 3042.63047   89 2919 3024.67300 3051.18233  0.88%   801  761s
  9661  8190 3042.54864   92 2690 3024.67300 3051.18233  0.88%   816  775s
  9957  8356 3041.94857   98 2917 3024.67300 3051.18233  0.88%   828  791s
 10269  8468 3041.80280  103 2759 3024.67300 3051.18233  0.88%   838  804s
 10510  8728 3041.26413  107 2833 3024.67300 3051.18233  0.88%   850  817s
 10899  8909 3040.81347  114 2696 3024.67300 3051.18233  0.88%   856  834s
 11296  9034 3040.63190  117 2788 3024.67300 3051.18233  0.88%   864  846s
 11681  9090 3040.10107  123 2622 3024.67300 3051.18233  0.88%   872  864s
 11918  9325 3039.91591  126 2923 3024.67300 3051.18233  0.88%   884  881s
 12328  9489 3039.68643  132 2813 3024.67300 3051.18233  0.88%   891  897s
 12730  9661 3039.29781  137 2573 3024.67300 3051.18233  0.88%   898  912s
 13135  9856 3033.86573  145 2983 3024.67300 3051.18169  0.88%   904  928s
 13544 10123 3050.25018   43 3337 3024.67300 3051.18169  0.88%   910  943s
 13969 10220 3048.97863   43 3097 3024.67300 3051.18169  0.88%   915  961s
 14211 10777 3048.32517   44 2983 3024.67300 3051.18169  0.88%   921  983s
 14859 11361 3046.70762   51 2815 3024.67300 3051.18169  0.88%   914 1004s
 15738 11722 3045.43321   62 2754 3024.67300 3051.18169  0.88%   897 1027s
 16521 12181 3045.13602   67 2835 3024.67300 3051.18169  0.88%   887 1048s
 17318 12643 3044.93610   71 3268 3024.67300 3051.18169  0.88%   878 1077s
 18173 13099 3044.68135   72 3209 3024.67300 3051.18169  0.88%   868 1102s
 19061 13522 3038.80252   77 2817 3024.67300 3051.18169  0.88%   858 1125s
 19923 13763 3042.41076   85 3138 3024.67300 3051.18169  0.88%   849 1154s
 20563 14231 3038.95330   85 2741 3024.67300 3051.18169  0.88%   842 1182s
 21372 14894 3040.60132  103 2592 3024.67300 3051.18169  0.88%   838 1200s
 22420 15604 3037.24236  146 1806 3024.67300 3051.18169  0.88%   829 1217s
 23399 16429 3029.60886  170 1026 3024.67300 3050.91012  0.87%   824 1234s
 24359 17097 3047.53264   45 3167 3024.67300 3050.91012  0.87%   820 1268s
 25098 17399 3046.44067   48 3070 3024.67300 3050.91012  0.87%   821 1294s
 25426 18447 3046.55081   48 3731 3024.67300 3050.91012  0.87%   827 1325s
 26582 19631 3041.53181   63 2706 3024.67300 3050.91012  0.87%   819 1344s
 28010 20661 3042.27305   83 2761 3024.67300 3050.91012  0.87%   807 1368s
 29245 22097 3038.68867  130 1908 3024.67300 3050.76084  0.86%   806 1389s
 30827 23094 3048.19388   47 3188 3024.67300 3050.76084  0.86%   789 1406s
 32017 24269 3046.84494   55 2755 3024.67300 3050.76084  0.86%   778 1424s
 33316 25189 3043.28731   63 3122 3024.67300 3050.76084  0.86%   767 1443s
 34397 25909 3041.40975   72 3277 3024.67300 3050.76084  0.86%   762 1460s
 35281 26592 3038.99059   87 3063 3024.67300 3050.76084  0.86%   763 1478s
 36054 27010 3033.73500  134 1908 3024.67300 3050.76084  0.86%   766 1504s
 36518 27940 3030.88856  165 1004 3024.67300 3050.65887  0.86%   767 1543s
 37577 29368 3048.66419   46 3623 3024.67300 3050.65887  0.86%   765 1568s
 39202 31085 3044.09894   56 3183 3024.67300 3050.65887  0.86%   756 1594s
 41231 32269 3043.07236   63 3247 3024.67300 3050.65887  0.86%   741 1620s
 42780 33241 3039.14614   75 2670 3024.67300 3050.65887  0.86%   735 1648s
 43826 34427 3035.71752   96 2735 3024.67300 3050.53147  0.85%   738 1687s
 45155 35693 3049.08730   45 3293 3024.67300 3050.53147  0.85%   736 1717s
 46628 37170 3046.93553   49 2947 3024.67300 3050.53147  0.85%   735 1751s
 48281 38868 3043.83207   54 3107 3024.67300 3050.53147  0.85%   725 1781s
 50345 40100 3043.60844   64 3254 3024.67300 3050.53147  0.85%   718 1810s
 51867 40941 3037.91629   71 3283 3024.67300 3050.53147  0.85%   718 1847s
 52765 42927 3036.12037   91 3318 3024.67300 3050.36782  0.85%   725 1888s
 54998 45288 3039.12950   44 3727 3024.67300 3050.36782  0.85%   718 1924s
 57787 45289 3043.28645   83 2379 3024.67300 3050.36782  0.85%   707 2116s
 57789 45290 3029.19175  157 3415 3024.67300 3050.36782  0.85%   707 2121s
 57790 45291 3041.01088   84 3666 3024.67300 3050.36782  0.85%   707 2134s
 57791 45292 3044.35083   72 3436 3024.67300 3050.36782  0.85%   707 2145s
 57792 45292 3049.72230   57 3354 3024.67300 3050.36782  0.85%   707 2153s
 57793 45293 3047.03668   78 3336 3024.67300 3050.20369  0.84%   707 2156s
 57794 45294 3036.03040  119 2985 3024.67300 3050.09616  0.84%   707 2161s
 57797 45296 3035.16989  113 3272 3024.67300 3050.03804  0.84%   707 2165s
 57798 45296 3042.88528   72 3316 3024.67300 3049.96066  0.84%   707 2172s
 57800 45298 3032.26035  145 3645 3024.67300 3049.95553  0.84%   707 2176s
 57801 45298 3027.54238  181 2932 3024.67300 3049.56812  0.82%   706 2182s
 57802 45299 3031.58856  128 3317 3024.67300 3049.51732  0.82%   706 2185s
 57806 45302 3027.55963  213 3512 3024.67300 3049.49333  0.82%   706 2191s
 57807 45302 3032.69966  126 2486 3024.67300 3049.25696  0.81%   706 2195s
 57811 45305 3048.85539   56 2809 3024.67300 3049.12610  0.81%   706 2203s
 57813 45306 3031.55834  184 3064 3024.67300 3049.11698  0.81%   706 2206s
 57814 45307 3025.52765  229 2323 3024.67300 3049.10736  0.81%   706 2210s
 57816 45308 3026.48039  115 2832 3024.67300 3048.99357  0.80%   706 2217s
 57820 45311 3030.37397   91 2634 3024.67300 3048.97235  0.80%   706 2221s
 57821 45312 3031.63867  157 2837 3024.67300 3048.95163  0.80%   706 2225s
 57823 45313 3047.13307   50 2511 3024.67300 3048.92170  0.80%   706 2231s
 57826 45315 3030.58134   99 2482 3024.67300 3048.90996  0.80%   706 2238s
 57827 45316 3030.30318  141 2839 3024.67300 3048.90798  0.80%   706 2240s
 57829 45317 3025.37751  169 2903 3024.67300 3048.90730  0.80%   706 2246s
 57830 45318 3047.87486   58 2763 3024.67300 3048.90508  0.80%   706 2250s
 57833 45320 3029.71598  185 2532 3024.67300 3048.87699  0.80%   706 2257s
 57836 45322 3046.27833   64 3201 3024.67300 3048.86070  0.80%   706 2262s
 57837 45322 3034.22973   88 2723 3024.67300 3048.84959  0.80%   706 2266s
 57841 45325 3033.72886  117 2873 3024.67300 3048.82912  0.80%   706 2273s
 57843 45326 3037.65850   72 2867 3024.67300 3048.82055  0.80%   706 2276s
 57844 45327 3027.40342  146 2541 3024.67300 3048.72916  0.80%   706 2280s
 57847 45329 3032.64971  181 2485 3024.67300 3048.68988  0.79%   706 2285s
 57849 45330 3032.01554  123 2403 3024.67300 3048.68888  0.79%   706 2291s
 57851 45332 3026.01307  173 2524 3024.67300 3048.65413  0.79%   706 2296s
 57853 45333 3048.58375   58 2454 3024.67300 3048.58375  0.79%   706 2300s
 57855 45334 3031.66770  195 2326 3024.67300 3048.58064  0.79%   706 2305s
 57857 45336 3027.14969  217 2299 3024.67300 3048.58004  0.79%   706 2311s
 57859 45337 3039.44390   80 2317 3024.67300 3048.58004  0.79%   706 2316s
 57861 45338 3032.54557   77 2288 3024.67300 3048.58004  0.79%   706 2321s
 57863 45340 3048.57000   85 2352 3024.67300 3048.57996  0.79%   706 2326s
 57865 45341 3039.72437   93 2294 3024.67300 3048.57995  0.79%   706 2332s
 57867 45342 3039.72271   73 2273 3024.67300 3048.57993  0.79%   706 2337s
 57869 45344 3043.53729   69 2369 3024.67300 3048.57982  0.79%   706 2342s
 57871 45345 3037.65517   98 2282 3024.67300 3048.57793  0.79%   706 2347s
 57873 45346 3045.21858   72 2264 3024.67300 3048.57749  0.79%   706 2352s
 57874 45347 3041.32367   87 2354 3024.67300 3048.57737  0.79%   706 2355s
 57877 45349 3028.76537  142 2268 3024.67300 3048.57735  0.79%   706 2362s
 57879 45350 3048.57735   57 2343 3024.67300 3048.57735  0.79%   706 2367s
 57880 45351 3045.47036   65 2439 3024.67300 3048.57735  0.79%   706 2370s
 57882 45352 3033.58975   88 2403 3024.67300 3048.57733  0.79%   706 2375s
 57884 45354 3039.45959   91 2454 3024.67300 3048.57732  0.79%   705 2380s
 57886 45355 3045.77951   53 2447 3024.67300 3048.57732  0.79%   705 2386s
 57888 45356 3038.91433  190 2408 3024.67300 3048.57732  0.79%   705 2391s
 57890 45358 3041.01088   84 2402 3024.67300 3048.57732  0.79%   705 2397s
 57891 45358 3044.35083   72 2433 3024.67300 3048.57732  0.79%   705 2411s
 57894 45363 3048.49843   44 2257 3024.67300 3048.50083  0.79%   711 2526s
 57896 45367 3048.44541   45 2376 3024.67300 3048.44541  0.79%   711 2636s
 57900 45373 3048.11639   46 2463 3024.67300 3048.41031  0.78%   711 2797s
 57908 45387 3048.04394   47 2942 3024.67300 3048.12930  0.78%   711 2900s
 57924 45411 3047.83039   48 2989 3024.67300 3048.10182  0.77%   712 2981s
 57954 45429 3047.42319   49 2955 3024.67300 3048.06486  0.77%   714 3020s
 57984 45448 3047.01142   49 3221 3024.67300 3048.06296  0.77%   715 3043s
 58014 45468 3047.38561   50 2797 3024.67300 3047.92275  0.77%   716 3064s
 58044 45503 3046.76742   50 3281 3024.67300 3047.92275  0.77%   717 3087s
 58089 45533 3047.06256   51 2767 3024.67300 3047.92275  0.77%   718 3105s
 58135 45561 3046.99900   52 3199 3024.67300 3047.92275  0.77%   719 3120s
 58136 45561 3045.55827   52 2622 3024.67300 3047.92275  0.77%   719 3126s
 58181 45593 3046.13804   52 3591 3024.67300 3047.92275  0.77%   720 3140s
 58231 45627 3046.93407   53 3297 3024.67300 3047.92275  0.77%   722 3156s
 58262 45617 infeasible   50      3024.67300 3047.92275  0.77%   722 3160s
 58286 45671 3046.88987   54 3425 3024.67300 3047.92275  0.77%   723 3174s
 58312 45662 3045.94435   53 3593 3024.67300 3047.92275  0.77%   723 3177s
 58350 45728 3046.74547   55 3467 3024.67300 3047.92275  0.77%   724 3187s
 58434 45778 3046.70422   56 3469 3024.67300 3047.92275  0.77%   726 3202s
 58447 45774 3046.12032   66 2700 3024.67300 3047.92275  0.77%   726 3208s
 58517 45835 3046.40712   58 3638 3024.67300 3047.92275  0.77%   728 3217s
 58521 45833 3044.77482   60 2515 3024.67300 3047.92275  0.77%   728 3221s
 58603 45876 3046.13722   60 3220 3024.67300 3047.92275  0.77%   730 3234s
 58637 45865 3026.93455   59 2873 3024.67300 3047.92275  0.77%   731 3236s
 58673 45947 3046.10089   61 2996 3024.67300 3047.92275  0.77%   732 3247s
 58776 46010 3046.04179   62 2773 3024.67300 3047.92275  0.77%   734 3261s
 58887 46074 3045.92050   63 2742 3024.67300 3047.92275  0.77%   736 3270s
 59002 46161 3045.71293   64 2859 3024.67300 3047.92275  0.77%   737 3279s
 59134 46243 3045.71322   66 2957 3024.67300 3047.92275  0.77%   739 3291s
 59265 46319 3045.56747   67 2747 3024.67300 3047.92275  0.77%   741 3303s
 59388 46443 3045.25031   69 2863 3024.67300 3047.92275  0.77%   742 3320s
 59562 46572 3043.94759   71 2894 3024.67300 3047.92275  0.77%   744 3330s
 59763 46711 3045.11736   73 2905 3024.67300 3047.92275  0.77%   746 3340s
 59994 46840 3044.24501   75 3410 3024.67300 3047.92275  0.77%   747 3349s
 60221 46962 3042.62796   77 2524 3024.67300 3047.92275  0.77%   749 3359s
 60438 47160 3042.66569   79 2932 3024.67300 3047.92275  0.77%   750 3369s
 60723 47402 3043.87088   82 2660 3024.67300 3047.92275  0.77%   751 3379s
 61073 47462 3043.20287   85 2818 3024.67300 3047.92275  0.77%   751 3392s
 61257 47400 3044.86081   59 2904 3024.67300 3047.92275  0.77%   750 3395s
 61265 47826 3043.18404   87 2528 3024.67300 3047.92275  0.77%   751 3408s
 61743 48079 3042.76924   90 2543 3024.67300 3047.92275  0.77%   749 3419s
 61774 48069 3047.66865   50 2824 3024.67300 3047.92275  0.77%   749 3422s
 62227 48364 3042.53584   95 2378 3024.67300 3047.92275  0.77%   748 3438s
 62731 48671 3037.04673   97 2485 3024.67300 3047.92275  0.77%   746 3453s
 63118 48542 3046.17246   56 3290 3024.67300 3047.92275  0.77%   744 3458s
 63249 48987 3041.83924  100 2819 3024.67300 3047.92275  0.77%   743 3475s
 63812 49306 3033.86489  104 2397 3024.67300 3047.92275  0.77%   740 3492s
 64405 49638 3041.65412  109 2904 3024.67300 3047.92275  0.77%   737 3509s
 64468 49617 3045.51361   63 3005 3024.67300 3047.92275  0.77%   736 3511s
 65042 49963 3031.09402  115 2962 3024.67300 3047.92275  0.77%   733 3523s
 65707 50263 3040.69232  118 2755 3024.67300 3047.92275  0.77%   729 3539s
 66309 50448 3027.34532  124 2836 3024.67300 3047.92275  0.77%   726 3555s
 66843 50566     cutoff  128      3024.67300 3047.90466  0.77%   725 3571s
 67210 50818 3045.16148   52 2722 3024.67300 3047.90466  0.77%   725 3587s
 67598 50834 3044.66979   57 2841 3024.67300 3047.90466  0.77%   725 3606s
 67757 51190 3044.14297   59 2933 3024.67300 3047.90466  0.77%   727 3625s
 68216 51329 3043.07389   66 3143 3024.67300 3047.90466  0.77%   727 3636s
 68536 51362 3043.11581   66 2889 3024.67300 3047.90466  0.77%   728 3655s
 68714 51632 3042.57409   66 2711 3024.67300 3047.90466  0.77%   729 3669s
 69043 51891 3042.32677   69 2752 3024.67300 3047.90466  0.77%   731 3682s
 69434 52055 3041.51296   79 2644 3024.67300 3047.90466  0.77%   733 3698s
 69483 52038 3030.77120   95 2530 3024.67300 3047.90466  0.77%   733 3703s
 69739 52329 3037.01479   86 2682 3024.67300 3047.90466  0.77%   734 3719s
 69798 52309 3036.71030   96 2538 3024.67300 3047.90466  0.77%   734 3720s
 70169 52878 3035.45996   97 2608 3024.67300 3047.90466  0.77%   735 3742s
 70952 53269 3031.14904  131 1918 3024.67300 3047.90466  0.77%   733 3767s
 71747 53592 3025.61884  167 1168 3024.67300 3047.82508  0.77%   732 3786s
 72521 53732 3046.32027   53 2851 3024.67300 3047.82489  0.77%   731 3808s
 73034 53862 3045.86121   55 2574 3024.67300 3047.82489  0.77%   733 3827s
 73336 54328 3045.06344   59 3126 3024.67300 3047.82489  0.77%   735 3853s
 73938 54760 3044.28732   63 3188 3024.67300 3047.82489  0.77%   737 3876s
 74650 55257 3042.03006   77 2322 3024.67300 3047.82489  0.77%   737 3902s
 75418 55681 3039.49537   93 2456 3024.67300 3047.82489  0.77%   737 3927s
 76184 55753 3035.78257  112 2089 3024.67300 3047.82489  0.77%   738 3949s
 76557 56691 3031.36749  115 2208 3024.67300 3047.82489  0.77%   739 3973s
 77742 57727 3027.69930  133 2460 3024.67300 3047.78165  0.76%   736 4004s
 79363 58271 3047.07621   55 3014 3024.67300 3047.77769  0.76%   729 4038s
 80649 58732 3046.21542   58 3018 3024.67300 3047.77769  0.76%   726 4073s
 81695 59173 3045.35581   63 3239 3024.67300 3047.77769  0.76%   724 4104s
 82695 59366 3043.32655   66 3067 3024.67300 3047.77769  0.76%   724 4130s
 83250 59341 3042.29934   82 2902 3024.67300 3047.77769  0.76%   727 4164s
 83418 59723 3042.26227   83 2923 3024.67300 3047.77769  0.76%   728 4192s
 83892 60812 3042.05193   89 2650 3024.67300 3047.77769  0.76%   730 4233s
 85205 61831 3039.44653  120 2366 3024.67300 3047.77769  0.76%   728 4272s
 86929 63214 3029.87066  204  393 3024.67300 3047.75436  0.76%   723 4333s
 89182 63313 3045.59954   56 3337 3024.67300 3047.75436  0.76%   720 4364s
 90105 63909 3040.86088   66 3275 3024.67300 3047.75436  0.76%   721 4412s
 91041 64846 3040.35167   76 3031 3024.67300 3047.75436  0.76%   722 4466s
 92441 65069 3039.46155  100 2744 3024.67300 3047.75436  0.76%   721 4513s
 93146 67429 3036.25253  124 2771 3024.67300 3047.75436  0.76%   722 4571s
 95977 68031 3026.75791  193 1529 3024.67300 3047.60848  0.76%   711 4599s
 97886 68480 3046.29489   61 3229 3024.67300 3047.60785  0.76%   708 4626s
 99092 69300 3042.41984   86 2299 3024.67300 3047.60785  0.76%   710 4658s
 100466 71185 3037.56869  137 1528 3024.67300 3047.60503  0.76%   711 4696s
 103033 72892 3046.68993   58 2450 3024.67300 3047.60503  0.76%   706 4728s
H103895 64812                    3027.3410000 3047.60503  0.67%   703 4728s
H106028 59664                    3028.3410000 3047.60503  0.64%   697 4768s
H106647 56715                    3028.6760000 3047.60503  0.62%   699 4768s
H106831 53694                    3029.1760000 3047.60503  0.61%   700 4817s
 106910 54818 3041.48507   99 2508 3029.17600 3047.54027  0.61%   700 4853s
 108417 54355 3045.36261   59 3485 3029.17600 3047.54018  0.61%   702 4923s
 108471 55140 3045.34521   60 3462 3029.17600 3047.54018  0.61%   703 4961s
 109389 55934 3042.83427   87 3555 3029.17600 3047.43803  0.60%   708 5004s
 110878 56161 3047.34259   54 2980 3029.17600 3047.43690  0.60%   712 5045s
 111750 56926 3037.75936   70 2472 3029.17600 3047.38521  0.60%   716 5091s
 113122 57612 3044.02201   62 2768 3029.17600 3047.38521  0.60%   721 5146s
 114457 58347 3037.87533   79 3432 3029.17600 3047.24212  0.60%   725 5200s
 116029 58622 3031.05555   62 3095 3029.17600 3047.10858  0.59%   732 5258s
 117216 61125 3044.01438   68 2973 3029.17600 3047.04891  0.59%   743 5385s
 120572 60943 3042.49638   71 3083 3029.17600 3046.91014  0.59%   763 5510s
 121668 64648 3041.85108   84 2949 3029.17600 3046.86853  0.58%   772 5660s
 127189 65224 3046.40701   57 3796 3029.17600 3046.84064  0.58%   784 5784s
 130181 68208 3039.59954  114 2182 3029.17600 3046.81228  0.58%   796 5913s
 134803 71143 3040.39816   87 2947 3029.17600 3046.75052  0.58%   802 6037s
H136289 67533                    3029.6760000 3046.74339  0.56%   800 6037s
 140115 69169 3033.28393  136 1534 3029.67600 3046.72597  0.56%   801 6141s
 143779 70040 3041.21549   69 2640 3029.67600 3046.70060  0.56%   805 6245s
 146288 73199 3037.52588  130 1502 3029.67600 3046.67594  0.56%   815 6355s
 150939 73426 3037.83061  122 2181 3029.67600 3046.66230  0.56%   814 6430s
 153126 76081 3041.50217   70 2930 3029.67600 3046.66230  0.56%   821 6522s
 157007 76226 3033.17023  139 2030 3029.67600 3046.62620  0.56%   821 6599s
 158696 77902 3033.49485   97 2918 3029.67600 3046.62519  0.56%   832 6692s
 161755 79451 3035.08537   70 3767 3029.67600 3046.60516  0.56%   839 6789s
 165037 81615 3045.16165   60 3186 3029.67600 3046.56525  0.56%   843 6901s
 168146 85182 3043.41902   68 2823 3029.67600 3046.54101  0.56%   848 7005s
 172309 88916 3040.51841   94 3209 3029.67600 3046.52992  0.56%   849 7106s
 176771 91045 3031.76459   90 2687 3029.67600 3046.51549  0.56%   848 7206s
 179412 93358 3045.01314   55 2893 3029.67600 3046.50783  0.56%   853 7323s
 182414 96018 3036.97940   75 3210 3029.67600 3046.47081  0.55%   866 7455s
 185956 99937 3034.03872   96 2931 3029.67600 3046.44002  0.55%   877 7590s
 190699 103786 3043.70179   54 3052 3029.67600 3046.40821  0.55%   882 7728s
 195206 107617 3040.71735   72 3516 3029.67600 3046.37867  0.55%   885 7846s
 199691 111038 3039.54250   90 3230 3029.67600 3046.34461  0.55%   887 7960s
 203949 113691 3045.24755   56 2956 3029.67600 3046.32288  0.55%   889 8065s
 207487 116130 3042.77107   65 2827 3029.67600 3046.29592  0.55%   893 8167s
 210909 119711 3038.20041   78 3320 3029.67600 3046.27442  0.55%   897 8278s
 215580 121908 3043.30847   62 3488 3029.67600 3046.24554  0.55%   896 8373s
 218741 124608 3041.58123   72 2372 3029.67600 3046.22058  0.55%   900 8473s
 222221 126929 3042.03763   76 2431 3029.67600 3046.20525  0.55%   903 8574s
 225152 127265 3045.57395   58 2734 3029.67600 3046.18788  0.55%   909 8727s
 225589 129864 3045.16167   59 2643 3029.67600 3046.18708  0.54%   909 8847s
 228970 133079 3043.44684   68 3313 3029.67600 3046.14669  0.54%   916 8981s
 233024 136144 3044.32331   64 3576 3029.67600 3046.12200  0.54%   921 9107s
 236874 138735 3035.04550   67 3058 3029.67600 3046.10011  0.54%   925 9223s
 240547 142815 3044.76777   61 2558 3029.67600 3046.08130  0.54%   928 9350s
 245208 145796 3033.47307  100 2533 3029.67600 3046.07110  0.54%   928 9454s
 248952 148286 3036.30252   93 2951 3029.67600 3046.04596  0.54%   929 9555s
 252144 151032 3040.50464   69 3298 3029.67600 3046.03439  0.54%   932 9663s
 255748 154388 3043.11202   69 3010 3029.67600 3046.01455  0.54%   935 9778s
 259857 157086 3033.93610  106 1396 3029.67600 3045.99921  0.54%   935 9886s
 263294 160121     cutoff   86      3029.67600 3045.97856  0.54%   938 10000s
 267306 162437 3032.86966   85 2171 3029.67600 3045.96017  0.54%   939 10111s
 270647 165959 3038.41902   76 3112 3029.67600 3045.94012  0.54%   943 10241s
 275024 167514 3029.75520   85 3350 3029.67600 3045.91812  0.54%   945 10356s
 277172 170505 3037.72943   73 2939 3029.67600 3045.90479  0.54%   953 10489s
 281353 173371 3034.80966   79 2737 3029.67600 3045.88795  0.54%   957 10620s
 285045 176396 3033.63423   85 3035 3029.67600 3045.86786  0.53%   963 10751s
 288881 178401 3042.26426   68 2672 3029.67600 3045.83862  0.53%   968 10891s
 291679 181506 3036.36496   78 2786 3029.67600 3045.83759  0.53%   978 11041s
 296114 183917 3036.41860   76 2700 3029.67600 3045.82993  0.53%   983 11163s
 299375 186558 3041.01064   83 2460 3029.67600 3045.79831  0.53%   986 11301s
 302686 190164 3039.10980   92 2563 3029.67600 3045.78173  0.53%   993 11462s
 307558 194496 3038.52986   74 2705 3029.67600 3045.76281  0.53%   996 11611s
 312997 198300 3039.48741   68 2979 3029.67600 3045.73952  0.53%   996 11753s
 317682 201705 3038.54978   89 2862 3029.67600 3045.72080  0.53%   997 11898s
 322025 204460 3039.22483   68 3028 3029.67600 3045.70087  0.53%   997 12037s
 325598 205822 3043.46798   59 2984 3029.67600 3045.68333  0.53%  1002 12153s
 327640 212055 3042.73336   59 2939 3029.67600 3045.67108  0.53%  1010 12432s
 335822 214613 3040.33663   69 2694 3029.67600 3045.65140  0.53%  1014 12581s
 339344 218600 3033.18553   78 2481 3029.67600 3045.63448  0.53%  1021 12754s
 344396 222846 3032.87437  139 1468 3029.67600 3045.62235  0.53%  1022 12916s
 349690 226723 3035.69940   84 2709 3029.67600 3045.60643  0.53%  1023 13084s
 350713 226723 3036.20367   71 3009 3029.67600 3045.60177  0.53%  1023 13085s
 354318 229284 3038.16640   64 3518 3029.67600 3045.59400  0.53%  1023 13219s
 357719 232881 3040.41128   74 2581 3029.67600 3045.57558  0.52%  1027 13428s
 362443 235889 3042.22154   62 2645 3029.67600 3045.55171  0.52%  1030 13583s
 366420 237835 3037.04512   63 2825 3029.67600 3045.53650  0.52%  1035 13746s
 369374 242517 3044.97113   64 2883 3029.67600 3045.52747  0.52%  1042 13920s
 375048 246731 3038.92850   79 3447 3029.67600 3045.50620  0.52%  1043 14089s
 380455 250783 3036.55734   94 2073 3029.67600 3045.49729  0.52%  1044 14248s
 385488 254119 infeasible   72      3029.67600 3045.47926  0.52%  1045 14386s
 390181 257304 3035.35307   83 2519 3029.67600 3045.46492  0.52%  1045 14516s
 394283 260120 3035.74712   68 3204 3029.67600 3045.45387  0.52%  1046 14644s
 397943 262122 3041.25723   65 3127 3029.67600 3045.43713  0.52%  1049 14779s
 400671 264803     cutoff   83      3029.67600 3045.43447  0.52%  1055 14934s
 404448 269340 3037.19335   62 3200 3029.67600 3045.41552  0.52%  1059 15108s
 410054 271614 3040.15749   78 3270 3029.67600 3045.39728  0.52%  1059 15253s
 413300 275355 3036.10296   79 2955 3029.67600 3045.37642  0.52%  1064 15420s
 418103 279274 3042.43260   75 3341 3029.67600 3045.35817  0.52%  1067 15571s
 422870 282775 3043.91349   66 3068 3029.67600 3045.34647  0.52%  1067 15723s
 427206 285587 3030.42245  114 2470 3029.67600 3045.33595  0.52%  1067 15860s
 430848 289199 3041.36647   65 2725 3029.67600 3045.32238  0.52%  1068 16016s
 435387 292817 3035.39562   78 2467 3029.67600 3045.30240  0.52%  1068 16163s
 440354 295066 3039.61473   70 2912 3029.67600 3045.29216  0.52%  1068 16311s
 443411 298552 3040.58149   66 2386 3029.67600 3045.28054  0.52%  1072 16457s
 447853 301162 3043.35240   56 2944 3029.67600 3045.27155  0.51%  1074 16591s
 451257 305099 3030.30060   81 2723 3029.67600 3045.26004  0.51%  1077 16783s
 456507 307706 3030.48384   99 2595 3029.67600 3045.25765  0.51%  1079 16941s
 460201 312909 3044.24479   59 2811 3029.67600 3045.23790  0.51%  1084 17130s
 466622 316213 3037.66819   62 3782 3029.67600 3045.22569  0.51%  1083 17284s
 471013 319980 3040.74379   69 3082 3029.67600 3045.21024  0.51%  1085 17446s
 475742 323974 3037.96094   70 3313 3029.67600 3045.19750  0.51%  1085 17605s
 476662 323974 3043.21786   60 3135 3029.67600 3045.19407  0.51%  1085 17610s
 480780 327271 3040.71593   71 2837 3029.67600 3045.17778  0.51%  1085 17758s
 485063 329672 3040.81306   76 2805 3029.67600 3045.16481  0.51%  1086 17898s
 488287 332746 3034.47301   79 2689 3029.67600 3045.15782  0.51%  1090 18071s
 492109 335804 3035.72228   98 2602 3029.67600 3045.14850  0.51%  1095 18243s
 497087 339759     cutoff   84      3029.67600 3045.14074  0.51%  1098 18423s
 502638 344919 3040.44541   82 2468 3029.67600 3045.12537  0.51%  1098 18590s
 508750 346773 3040.47837   68 2687 3029.67600 3045.11798  0.51%  1096 18739s
 511118 352775 3041.14185   66 3264 3029.67600 3045.11627  0.51%  1096 18994s
 518720 357597 3042.42625   70 2766 3029.67600 3045.09699  0.51%  1099 19169s
 524668 361677 3040.51277   74 2874 3029.67600 3045.08352  0.51%  1098 19331s
 529904 365506 3039.21475   66 2907 3029.67600 3045.07038  0.51%  1098 19487s
 534566 369183 3041.63396   70 2748 3029.67600 3045.06336  0.51%  1099 19628s
 534699 369183 3037.68740   77 3193 3029.67600 3045.06123  0.51%  1099 19632s
 539267 372340 3037.96656   81 2875 3029.67600 3045.05059  0.51%  1099 19776s
 543389 376118 3033.98214   84 3278 3029.67600 3045.03972  0.51%  1101 19943s
 543626 376118 3032.55504   82 2878 3029.67600 3045.03964  0.51%  1100 19946s
 548523 378239 3034.14140  138 1173 3029.67600 3045.02983  0.51%  1100 20076s
 551481 381631 3033.72540   85 2679 3029.67600 3045.02273  0.51%  1104 20249s
 555978 385172 3038.61670   83 2362 3029.67600 3045.01181  0.51%  1105 20405s
 560537 388377 3041.07549   61 2945 3029.67600 3045.00109  0.51%  1106 20552s
 564993 391789 3039.71041   84 2978 3029.67600 3044.98799  0.51%  1108 20708s
 569364 394281 3035.39166   95 2189 3029.67600 3044.98281  0.51%  1110 20854s
 572917 397685 3042.60984   66 2815 3029.67600 3044.97140  0.50%  1111 21025s
 577508 403143 3039.51965   62 3103 3029.67600 3044.96124  0.50%  1114 21256s
 584685 406344 3041.75581   65 3016 3029.67600 3044.95216  0.50%  1112 21407s
 588818 408664 3037.83559   97 2301 3029.67600 3044.94082  0.50%  1112 21542s
 592084 411726 3032.95892   80 3102 3029.67600 3044.93400  0.50%  1115 21701s
 596174 414796 3039.97182   73 2292 3029.67600 3044.92145  0.50%  1117 21856s
 600300 418093     cutoff   97      3029.67600 3044.91124  0.50%  1120 21997s
 604454 421186 3039.38634   74 2817 3029.67600 3044.90221  0.50%  1120 22141s
 608885 424453     cutoff   82      3029.67600 3044.89075  0.50%  1121 22300s
 613291 427771 3033.81069   83 3721 3029.67600 3044.88110  0.50%  1122 22450s
 617783 432028 3033.90457   78 2987 3029.67600 3044.87306  0.50%  1124 22633s
 623294 434034 3032.19526   71 2750 3029.67600 3044.86724  0.50%  1123 22774s
 626034 437484     cutoff   78      3029.67600 3044.86108  0.50%  1126 22933s
 630738 441181 3042.75403   66 2536 3029.67600 3044.85135  0.50%  1127 23076s
 635466 444003 3036.94119  105 1952 3029.67600 3044.83999  0.50%  1127 23232s
 639288 447243 3033.71488   95 2330 3029.67600 3044.82885  0.50%  1128 23394s
 643456 450952 3032.20755   75 2834 3029.67600 3044.81764  0.50%  1128 23539s
 648079 454056 3038.83621   81 2408 3029.67600 3044.80739  0.50%  1129 23687s
 652083 456872 3040.49647   59 3037 3029.67600 3044.80002  0.50%  1130 23844s
 655720 460738 3036.94055  104 2188 3029.67600 3044.79195  0.50%  1132 24032s
 660771 464365 3030.22739  115 1953 3029.67600 3044.78483  0.50%  1132 24215s
 665523 468129 3036.00501   97 2856 3029.67600 3044.77200  0.50%  1131 24350s
 670255 471581 3040.93341   66 3045 3029.67600 3044.76486  0.50%  1131 24491s
 674588 474372 3040.10913   62 2928 3029.67600 3044.75975  0.50%  1131 24623s
 678181 477375 3039.26026   84 3023 3029.67600 3044.74900  0.50%  1132 24772s
 682123 480339 3039.35841   85 2808 3029.67600 3044.74147  0.50%  1132 24924s
 685954 484079 3037.59698   82 2834 3029.67600 3044.73479  0.50%  1134 25077s
 690750 487383 3033.60462   96 2667 3029.67600 3044.72776  0.50%  1134 25268s
 695014 489807 3038.71117   69 3513 3029.67600 3044.71766  0.50%  1134 25418s
 698445 493585 3043.03835   56 2772 3029.67600 3044.71269  0.50%  1136 25589s
 703461 496949 3035.62761   95 2736 3029.67600 3044.70461  0.50%  1137 25748s
 707988 501088 3034.96676   83 3350 3029.67600 3044.69486  0.50%  1138 25913s
 713019 504596 3040.06545   89 2511 3029.67600 3044.68518  0.50%  1139 26066s
 717459 507232 3029.99277   84 2899 3029.67600 3044.68034  0.50%  1140 26220s
 720957 510244 3036.45572   92 2869 3029.67600 3044.67572  0.50%  1142 26374s
 725045 514561 3036.95154   84 2827 3029.67600 3044.67068  0.49%  1143 26537s
 730436 518020 3033.32471   74 2856 3029.67600 3044.66148  0.49%  1142 26683s
 734738 522318 3043.09346   59 3156 3029.67600 3044.65618  0.49%  1142 26832s
 739982 524790 3040.88218   70 3304 3029.67600 3044.64767  0.49%  1141 26965s
 743313 528283 3037.16025   76 2971 3029.67600 3044.64364  0.49%  1143 27119s
 747811 532166     cutoff   78      3029.67600 3044.63650  0.49%  1143 27267s
 752717 535444     cutoff   79      3029.67600 3044.62345  0.49%  1142 27413s
 757205 537026 3036.79626   67 2965 3029.67600 3044.61881  0.49%  1142 27567s
 759034 542223     cutoff   72      3029.67600 3044.61577  0.49%  1143 27777s
 765339 545514 3041.62741   64 2934 3029.67600 3044.61037  0.49%  1142 27932s
 769647 549510 3037.47814   77 2662 3029.67600 3044.60287  0.49%  1143 28122s
 774472 554120 3039.32106   85 3410 3029.67600 3044.59618  0.49%  1143 28294s
 780028 557623 3035.59347  116 2350 3029.67600 3044.59192  0.49%  1142 28447s
 784550 559906 3039.85727   64 2849 3029.67600 3044.58099  0.49%  1142 28584s
 787580 564400 3038.83870   64 2857 3029.67600 3044.57875  0.49%  1144 28818s
 793834 568663 3029.97350   85 3454 3029.67600 3044.56851  0.49%  1144 28999s
 799347 572106 3036.55336   77 2574 3029.67600 3044.56025  0.49%  1144 29157s
 803882 575836 3042.51355   58 2788 3029.67600 3044.55149  0.49%  1145 29314s
 808644 578091 3030.58401  102 2652 3029.67600 3044.54412  0.49%  1145 29462s
 811794 581034 3040.95283   85 2300 3029.67600 3044.53577  0.49%  1148 29635s
 815621 584113 3036.35267  104 2380 3029.67600 3044.53021  0.49%  1150 29783s
 820058 587972 3040.98589   70 2862 3029.67600 3044.52472  0.49%  1150 29937s
 824892 591164 3038.22094   79 3316 3029.67600 3044.51587  0.49%  1150 30084s
 829084 595302 3038.34063   78 2361 3029.67600 3044.50681  0.49%  1150 30251s
 834006 597915 3038.52561   71 2299 3029.67600 3044.50129  0.49%  1149 30388s
 837566 600821 3036.46763   71 3026 3029.67600 3044.49338  0.49%  1151 30535s
 841444 604396 3030.51815   99 2296 3029.67600 3044.48938  0.49%  1152 30726s
 845862 607444 3039.56928   79 3065 3029.67600 3044.48865  0.49%  1152 30873s
 850024 610998 3037.41235   74 2529 3029.67600 3044.48160  0.49%  1153 31033s
 854651 613598 3037.62885   69 2831 3029.67600 3044.47255  0.49%  1154 31178s
 858351 616502 3035.64153   80 2077 3029.67600 3044.46749  0.49%  1156 31357s
 862104 621069 3037.27947   85 2970 3029.67600 3044.46019  0.49%  1156 31524s
 867921 624375 3040.87303   70 3046 3029.67600 3044.45106  0.49%  1156 31680s
 872345 627056 3029.82029   90 2359 3029.67600 3044.44199  0.49%  1156 31829s
 876537 629711 3040.25146   60 3126 3029.67600 3044.43419  0.49%  1157 31970s
 880263 632979 3036.01805   64 3661 3029.67600 3044.42951  0.49%  1159 32138s
 884575 636399 3039.16942   79 2350 3029.67600 3044.42192  0.49%  1160 32307s
 889339 641095 3038.59158   78 2818 3029.67600 3044.41620  0.49%  1161 32493s
 895661 645942 3040.17788   68 2376 3029.67600 3044.40812  0.49%  1160 32659s
 901552 648579 3031.60664  142 1366 3029.67600 3044.40485  0.49%  1159 32802s
 904907 650247 3031.90850   79 2725 3029.67600 3044.39750  0.49%  1160 32941s
 907789 654622 3040.09537   67 3538 3029.67600 3044.39746  0.49%  1162 33158s
 913907 658163 3038.55769   66 2580 3029.67600 3044.39034  0.49%  1163 33350s
 918856 662855 3033.30447   83 2949 3029.67600 3044.38539  0.49%  1164 33546s
 924555 665471 3040.75879   61 2862 3029.67600 3044.37913  0.49%  1164 33706s
 928304 668088 3041.81766   62 2859 3029.67600 3044.37049  0.49%  1166 33873s
 932083 669537 3032.66139  100 2716 3029.67600 3044.36718  0.48%  1167 33937s

Cutting planes:
  Learned: 735
  Gomory: 187
  Cover: 1056
  Implied bound: 536
  Projected implied bound: 197
  Clique: 152
  MIR: 1787
  StrongCG: 233
  Flow cover: 7213
  GUB cover: 68
  Inf proof: 28
  Zero half: 770
  RLT: 1417
  Relax-and-lift: 401
  BQP: 145

Explored 934025 nodes (1092597755 simplex iterations) in 33937.85 seconds (63148.54 work units)
Thread count was 30 (of 32 available processors)

Solution count 10: 3029.68 3029.18 3028.68 ... 3023.67

Solve interrupted
Best objective 3.029676000000e+03, best bound 3.044365313489e+03, gap 0.4848%

Wrote result file 'X_3_AsymmetricWagner.family.adjacencies.sol'

