INFO	2024-01-11 15:17:12,285	loading adjacency set from exp/COUNT/SPP-DCJ-reconstruction/X_2_AsymmetricWagner.family.adjacencies.sol.adjacencies.tsv
INFO	2024-01-11 15:17:12,292	building adjacency graph for AnophelesfunestusFUMOZ
INFO	2024-01-11 15:17:12,299	writing adjacency components to exp/COUNT/SPP-DCJ-reconstruction/adj2comp_sol_stats/adj-components.AnophelesfunestusFUMOZ.tsv
INFO	2024-01-11 15:17:14,869	plotting summary statistic to exp/COUNT/SPP-DCJ-reconstruction/adj2comp_sol_stats/adj-components.AnophelesfunestusFUMOZ.pdf
INFO	2024-01-11 15:17:17,274	building adjacency graph for AnophelesgambiaePEST
INFO	2024-01-11 15:17:17,280	writing adjacency components to exp/COUNT/SPP-DCJ-reconstruction/adj2comp_sol_stats/adj-components.AnophelesgambiaePEST.tsv
INFO	2024-01-11 15:17:17,283	plotting summary statistic to exp/COUNT/SPP-DCJ-reconstruction/adj2comp_sol_stats/adj-components.AnophelesgambiaePEST.pdf
INFO	2024-01-11 15:17:17,358	building adjacency graph for AnophelesalbimanusSTECLA
INFO	2024-01-11 15:17:17,364	writing adjacency components to exp/COUNT/SPP-DCJ-reconstruction/adj2comp_sol_stats/adj-components.AnophelesalbimanusSTECLA.tsv
INFO	2024-01-11 15:17:17,366	plotting summary statistic to exp/COUNT/SPP-DCJ-reconstruction/adj2comp_sol_stats/adj-components.AnophelesalbimanusSTECLA.pdf
INFO	2024-01-11 15:17:17,441	building adjacency graph for AnophelesatroparvusEBRO
INFO	2024-01-11 15:17:17,447	writing adjacency components to exp/COUNT/SPP-DCJ-reconstruction/adj2comp_sol_stats/adj-components.AnophelesatroparvusEBRO.tsv
INFO	2024-01-11 15:17:17,449	plotting summary statistic to exp/COUNT/SPP-DCJ-reconstruction/adj2comp_sol_stats/adj-components.AnophelesatroparvusEBRO.pdf
INFO	2024-01-11 15:17:17,524	building adjacency graph for node2
INFO	2024-01-11 15:17:17,530	writing adjacency components to exp/COUNT/SPP-DCJ-reconstruction/adj2comp_sol_stats/adj-components.node2.tsv
INFO	2024-01-11 15:17:17,539	plotting summary statistic to exp/COUNT/SPP-DCJ-reconstruction/adj2comp_sol_stats/adj-components.node2.pdf
INFO	2024-01-11 15:17:17,613	building adjacency graph for node1
INFO	2024-01-11 15:17:17,619	writing adjacency components to exp/COUNT/SPP-DCJ-reconstruction/adj2comp_sol_stats/adj-components.node1.tsv
INFO	2024-01-11 15:17:17,621	plotting summary statistic to exp/COUNT/SPP-DCJ-reconstruction/adj2comp_sol_stats/adj-components.node1.pdf
INFO	2024-01-11 15:17:17,696	building adjacency graph for node0
INFO	2024-01-11 15:17:17,702	writing adjacency components to exp/COUNT/SPP-DCJ-reconstruction/adj2comp_sol_stats/adj-components.node0.tsv
INFO	2024-01-11 15:17:17,705	plotting summary statistic to exp/COUNT/SPP-DCJ-reconstruction/adj2comp_sol_stats/adj-components.node0.pdf
