INFO	2024-01-11 15:17:44,036	loading adjacency set from exp/COUNT/SPP-DCJ-reconstruction/X_2_AsymmetricWagner.family.adjacencies.sol.adjacencies.tsv
INFO	2024-01-11 15:17:44,043	building adjacency graph for AnophelesfunestusFUMOZ
INFO	2024-01-11 15:17:44,049	writing contig components to exp/COUNT/SPP-DCJ-reconstruction/adj2comp_sol_stats/contig-components.AnophelesfunestusFUMOZ.tsv
INFO	2024-01-11 15:17:44,435	plotting summary statistic to exp/COUNT/SPP-DCJ-reconstruction/adj2comp_sol_stats/contig-components.AnophelesfunestusFUMOZ.pdf
INFO	2024-01-11 15:17:44,660	building adjacency graph for AnophelesgambiaePEST
INFO	2024-01-11 15:17:44,666	writing contig components to exp/COUNT/SPP-DCJ-reconstruction/adj2comp_sol_stats/contig-components.AnophelesgambiaePEST.tsv
INFO	2024-01-11 15:17:44,669	plotting summary statistic to exp/COUNT/SPP-DCJ-reconstruction/adj2comp_sol_stats/contig-components.AnophelesgambiaePEST.pdf
INFO	2024-01-11 15:17:44,741	building adjacency graph for AnophelesalbimanusSTECLA
INFO	2024-01-11 15:17:44,747	writing contig components to exp/COUNT/SPP-DCJ-reconstruction/adj2comp_sol_stats/contig-components.AnophelesalbimanusSTECLA.tsv
INFO	2024-01-11 15:17:44,749	plotting summary statistic to exp/COUNT/SPP-DCJ-reconstruction/adj2comp_sol_stats/contig-components.AnophelesalbimanusSTECLA.pdf
INFO	2024-01-11 15:17:44,822	building adjacency graph for AnophelesatroparvusEBRO
INFO	2024-01-11 15:17:44,828	writing contig components to exp/COUNT/SPP-DCJ-reconstruction/adj2comp_sol_stats/contig-components.AnophelesatroparvusEBRO.tsv
INFO	2024-01-11 15:17:44,831	plotting summary statistic to exp/COUNT/SPP-DCJ-reconstruction/adj2comp_sol_stats/contig-components.AnophelesatroparvusEBRO.pdf
INFO	2024-01-11 15:17:44,903	building adjacency graph for node2
INFO	2024-01-11 15:17:44,908	writing contig components to exp/COUNT/SPP-DCJ-reconstruction/adj2comp_sol_stats/contig-components.node2.tsv
INFO	2024-01-11 15:17:44,911	plotting summary statistic to exp/COUNT/SPP-DCJ-reconstruction/adj2comp_sol_stats/contig-components.node2.pdf
INFO	2024-01-11 15:17:44,987	building adjacency graph for node1
INFO	2024-01-11 15:17:44,993	writing contig components to exp/COUNT/SPP-DCJ-reconstruction/adj2comp_sol_stats/contig-components.node1.tsv
INFO	2024-01-11 15:17:44,995	plotting summary statistic to exp/COUNT/SPP-DCJ-reconstruction/adj2comp_sol_stats/contig-components.node1.pdf
INFO	2024-01-11 15:17:45,087	building adjacency graph for node0
INFO	2024-01-11 15:17:45,093	writing contig components to exp/COUNT/SPP-DCJ-reconstruction/adj2comp_sol_stats/contig-components.node0.tsv
INFO	2024-01-11 15:17:45,096	plotting summary statistic to exp/COUNT/SPP-DCJ-reconstruction/adj2comp_sol_stats/contig-components.node0.pdf
